\begin{center}
\begin{tikzpicture}

\draw (3.52, 1.5)
  node[draw=none, line width=0cm, , color=black,
       rounded corners=0cm, inner sep=0cm] {

\begin{minipage}[t][3cm]{6.96cm}
\mbox{}

\end{minipage}

};
\draw (3.52, 1.5) node[color=black,
 inner sep=0cm] {
 
\begin{minipage}[t][3cm]{6.96cm}
\begin{Verbatim}[commandchars=\\\{\}]
                              \textred{\underline{*}}
                    *        ***
            *      ***      *****
      *    ***    *****    *******
  *  ***  *****  *******  *********
************************************
\end{Verbatim}
\end{minipage}

};
\draw (3.69, 1.72)
  node[draw, line width=0.01cm, , color=black,
       rounded corners=0cm, inner sep=0cm] {

\begin{minipage}[t][2.63cm]{7.31cm}
\mbox{}

\end{minipage}

};\draw[line width=0.01cm,black] (0.24,0.4) to  (0.24,3.04);
\draw[line width=0.01cm,black] (0.84,0.4) to  (0.84,3.04);
\draw[line width=0.01cm,black] (1.86,0.4) to  (1.86,3.04);
\draw[line width=0.01cm,black] (3.27,0.4) to  (3.27,3.04);
\draw[line width=0.01cm,black] (5.09,0.4) to  (5.09,3.04);
\draw[line width=0.05cm,black,<->] (0.03,2.94) to  (6.1,2.94);
\end{tikzpicture}

\end{center}

