\begin{center}
\begin{tikzpicture}

\draw (1.4, -2.0)
  node[draw, , , color=white,
       rounded corners=0cm, inner sep=0cm,
       name=A] {

\begin{minipage}[t][0.6cm]{0.1cm}
\mbox{}

\end{minipage}

};\draw (1.4, -2.0) node[color=black] {\texttt{1}};
\draw (1.4, -1.0)
  node[draw, , , color=white,
       rounded corners=0cm, inner sep=0cm,
       name=C] {

\begin{minipage}[t][0.6cm]{0.1cm}
\mbox{}

\end{minipage}

};\draw (1.4, -1.0) node[color=black] {\texttt{<term>}};
\draw (2.8, 0.0)
  node[draw, , , color=white,
       rounded corners=0cm, inner sep=0cm,
       name=B] {

\begin{minipage}[t][0.6cm]{0.1cm}
\mbox{}

\end{minipage}

};\draw (2.8, 0.0) node[color=black] {\texttt{<expr>}};
\draw (2.8, -1.0)
  node[draw, , , color=white,
       rounded corners=0cm, inner sep=0cm,
       name=D] {

\begin{minipage}[t][0.6cm]{0.1cm}
\mbox{}

\end{minipage}

};\draw (2.8, -1.0) node[color=black] {\texttt{e}};
\draw (2.8, -2.0)
  node[draw, , , color=white,
       rounded corners=0cm, inner sep=0cm,
       name=G] {

\begin{minipage}[t][0.6cm]{0.1cm}
\mbox{}

\end{minipage}

};\draw (2.8, -2.0) node[color=black] {\texttt{<expr>}};
\draw (5.6, -2.0)
  node[draw, , , color=white,
       rounded corners=0cm, inner sep=0cm,
       name=I] {

\begin{minipage}[t][0.6cm]{0.1cm}
\mbox{}

\end{minipage}

};\draw (5.6, -2.0) node[color=black] {\texttt{<term>}};
\draw (4.2, -2.0)
  node[draw, , , color=white,
       rounded corners=0cm, inner sep=0cm,
       name=H] {

\begin{minipage}[t][0.6cm]{0.1cm}
\mbox{}

\end{minipage}

};\draw (4.2, -2.0) node[color=black] {\texttt{+}};
\draw (2.8, -4.0)
  node[draw, , , color=white,
       rounded corners=0cm, inner sep=0cm,
       name=K] {

\begin{minipage}[t][0.6cm]{0.1cm}
\mbox{}

\end{minipage}

};\draw (2.8, -4.0) node[color=black] {\texttt{1}};
\draw (2.8, -3.0)
  node[draw, , , color=white,
       rounded corners=0cm, inner sep=0cm,
       name=J] {

\begin{minipage}[t][0.6cm]{0.1cm}
\mbox{}

\end{minipage}

};\draw (2.8, -3.0) node[color=black] {\texttt{<term>}};
\draw (5.6, -3.0)
  node[draw, , , color=white,
       rounded corners=0cm, inner sep=0cm,
       name=L] {

\begin{minipage}[t][0.6cm]{0.1cm}
\mbox{}

\end{minipage}

};\draw (5.6, -3.0) node[color=black] {\texttt{1}};
\draw (7.0, -2.0)
  node[draw, , , color=white,
       rounded corners=0cm, inner sep=0cm,
       name=Z] {

\begin{minipage}[t][0.6cm]{0.1cm}
\mbox{}

\end{minipage}

};\draw (7.0, -2.0) node[color=black] {\texttt{1}};\draw[line width=0.04cm,black] (2.8,-3.3) to  (2.8,-3.7);
\draw[line width=0.04cm,black] (5.6,-2.3) to  (5.6,-2.7);
\draw[line width=0.04cm,black] (1.4,-1.3) to  (1.4,-1.7);
\draw[line width=0.04cm,black] (2.8,-0.3) to  (1.4,-0.7);
\draw[line width=0.04cm,black] (2.8,-0.3) to  (2.8,-0.7);
\draw[line width=0.04cm,black] (2.8,-2.3) to  (2.8,-2.7);
\end{tikzpicture}

\end{center}

