\begin{center}
\begin{tikzpicture}

\draw (0.0, 3.25)
  node[draw=none, line width=0.0cm, , color=black,
       rounded corners=0cm, inner sep=0cm] {

\begin{minipage}[t][0.5cm]{1.0cm}
\mbox{}

\end{minipage}

};\draw (0.0, 3.25) node[color=black] {\texttt{main}};
\draw (3.25, 1.0)
  node[draw, line width=0.05cm, , color=black,
       rounded corners=0cm, inner sep=0cm] {

\begin{minipage}[t][3.95cm]{7.45cm}
\mbox{}

\end{minipage}

};
\draw (0.0, 1.0)
  node[draw=none, line width=0.0cm, , color=black,
       rounded corners=0cm, inner sep=0cm] {

\begin{minipage}[t][1.0cm]{1.0cm}
\mbox{}

\end{minipage}

};\draw (0.0, 1.0) node[color=black] {\texttt{t0}};
\draw (3.5, 1.0)
  node[draw, line width=0.04cm, , color=black,
       rounded corners=0.0cm, inner sep=0.0cm] {

\begin{minipage}[t][0.96cm]{5.96cm}
\mbox{}

\end{minipage}

};\draw[, font=\ttfamily] (1.5, 1.0) node {5};
\draw[black] (2.5,0.5) to  (2.5,1.5);
\draw[, font=\ttfamily] (3.5, 1.0) node {18};
\draw[black] (4.5,0.5) to  (4.5,1.5);
\draw[, font=\ttfamily] (5.5, 1.0) node {0};
\end{tikzpicture}

\end{center}

