\begin{console}[frame=single, , commandchars=~!@]
from latextool_basic import *
print(automata(layout="""
A      B
""",
edges=r"A,$\begin{bmatrix}0\\0\\0 \end{bmatrix},\begin{bmatrix}0\\1\\1 \end
{bmatrix},\begin{bmatrix}1\\0\\1 \end{bmatrix}$,A"+\
r"|A,$\begin{bmatrix}1\\1\\0\end{bmatrix}$,B"+\
r"|B,$\begin{bmatrix}0\\1\\0\end{bmatrix},\begin{bmatrix}1\\0\\0\end{bmatri
x},\begin{bmatrix}1\\1\\1\end{bmatrix}$,B"+\
r"|B,$\begin{bmatrix}0\\0\\1\end{bmatrix}$,A"+\
r"",
A="initial|accept|label=carry=0",
B="label=carry=1",
))
\end{console}

\begin{center}
\begin{tikzpicture}[>=triangle 60,shorten >=0.5pt,node distance=2cm,auto,initial text=, double distance=2pt]
\node[state,initial,accepting] (A) at (  0,  0) {carry=0};
\node[state] (B) at (  7,  0) {carry=1};

\path[->]
(A) edge [loop above] node {$\begin{bmatrix}0\\0\\0 \end{bmatrix},\begin{bmatrix}0\\1\\1 \end{bmatrix},\begin{bmatrix}1\\0\\1 \end{bmatrix}$} ()
(A) edge [bend left=10,pos=0.5,above] node {$\begin{bmatrix}1\\1\\0\end{bmatrix}$} (B)
(B) edge [bend left=10,pos=0.5] node {$\begin{bmatrix}0\\0\\1\end{bmatrix}$} (A)
(B) edge [loop above] node {$\begin{bmatrix}0\\1\\0\end{bmatrix},\begin{bmatrix}1\\0\\0\end{bmatrix},\begin{bmatrix}1\\1\\1\end{bmatrix}$} ()

;
\end{tikzpicture}
\end{center}
