This is pdfTeX, Version 3.141592653-2.6-1.40.22 (TeX Live 2022/dev/Debian) (preloaded format=pdflatex 2024.3.16)  21 AUG 2025 15:56
entering extended mode
 \write18 enabled.
 %&-line parsing enabled.
**main.tex
(./main.tex
LaTeX2e <2021-11-15> patch level 1
L3 programming layer <2022-01-21> (./thispreamble.tex
(/usr/share/texlive/texmf-dist/tex/latex/yliow/preamble/cppbookpreamble.tex
(/usr/share/texlive/texmf-dist/tex/latex/koma-script/scrbook.cls
Document Class: scrbook 2021/11/13 v3.35 KOMA-Script document class (book)
(/usr/share/texlive/texmf-dist/tex/latex/koma-script/scrkbase.sty
Package: scrkbase 2021/11/13 v3.35 KOMA-Script package (KOMA-Script-dependent b
asics and keyval usage)

(/usr/share/texlive/texmf-dist/tex/latex/koma-script/scrbase.sty
Package: scrbase 2021/11/13 v3.35 KOMA-Script package (KOMA-Script-independent 
basics and keyval usage)

(/usr/share/texlive/texmf-dist/tex/latex/koma-script/scrlfile.sty
Package: scrlfile 2021/11/13 v3.35 KOMA-Script package (file load hooks)

(/usr/share/texlive/texmf-dist/tex/latex/koma-script/scrlfile-hook.sty
Package: scrlfile-hook 2021/11/13 v3.35 KOMA-Script package (using LaTeX hooks)


(/usr/share/texlive/texmf-dist/tex/latex/koma-script/scrlogo.sty
Package: scrlogo 2021/11/13 v3.35 KOMA-Script package (logo)
)))
(/usr/share/texlive/texmf-dist/tex/latex/graphics/keyval.sty
Package: keyval 2014/10/28 v1.15 key=value parser (DPC)
\KV@toks@=\toks16
)
Applying: [2021/05/01] Usage of raw or classic option list on input line 252.
Already applied: [0000/00/00] Usage of raw or classic option list on input line
 368.
))
(/usr/share/texlive/texmf-dist/tex/latex/koma-script/tocbasic.sty
Package: tocbasic 2021/11/13 v3.35 KOMA-Script package (handling toc-files)
\scr@dte@tocline@numberwidth=\skip47
\scr@dte@tocline@numbox=\box50
)
Package tocbasic Info: babel extension for `toc' omitted
(tocbasic)             because of missing \bbl@set@language on input line 137.
Class scrbook Info: You've used standard option `openany'.
(scrbook)           This is correct!
(scrbook)           Internally I'm using `open=any'.
(scrbook)           If you'd like to set the option with \KOMAoptions,
(scrbook)           you'd have to use `open=any' there
(scrbook)           instead of `openany', too.
Class scrbook Info: You've used standard option `oneside'.
(scrbook)           This is correct!
(scrbook)           Internally I'm using `twoside=false'.
(scrbook)           If you'd like to set the option with \KOMAoptions,
(scrbook)           you'd have to use `twoside=false' there
(scrbook)           instead of `oneside', too.
Package scrbook Info: You've used standard option `12pt'.
(scrbook)             This is correct!
(scrbook)             Internally I'm using `fontsize=12pt'.
(scrbook)             If you'd like to set the option with \KOMAoptions,
(scrbook)             you'd have to use `fontsize=12pt' there
(scrbook)             instead of `12pt', too.
Class scrbook Info: File `scrsize12pt.clo' used to setup font sizes on input li
ne 2490.

(/usr/share/texlive/texmf-dist/tex/latex/koma-script/scrsize12pt.clo
File: scrsize12pt.clo 2021/11/13 v3.35 KOMA-Script font size class option (12pt
)
)
(/usr/share/texlive/texmf-dist/tex/latex/koma-script/typearea.sty
Package: typearea 2021/11/13 v3.35 KOMA-Script package (type area)
\ta@bcor=\skip48
\ta@div=\count185
Package typearea Info: You've used standard option `a4paper'.
(typearea)             This is correct!
(typearea)             Internally I'm using `paper=a4'.
(typearea)             If you'd like to set the option with \KOMAoptions,
(typearea)             you'd have to use `paper=a4' there
(typearea)             instead of `a4paper', too.
Package typearea Info: You've used standard option `oneside'.
(typearea)             This is correct!
(typearea)             Internally I'm using `twoside=false'.
(typearea)             If you'd like to set the option with \KOMAoptions,
(typearea)             you'd have to use `twoside=false' there
(typearea)             instead of `oneside', too.
\ta@hblk=\skip49
\ta@vblk=\skip50
\ta@temp=\skip51
\footheight=\skip52
Package typearea Info: These are the values describing the layout:
(typearea)             DIV  = 12
(typearea)             BCOR = 0.0pt
(typearea)             \paperwidth      = 597.50793pt
(typearea)              \textwidth      = 448.13095pt
(typearea)              DIV departure   = -6%
(typearea)              \evensidemargin = 2.4185pt
(typearea)              \oddsidemargin  = 2.4185pt
(typearea)             \paperheight     = 845.04694pt
(typearea)              \textheight     = 548.5pt
(typearea)              \topmargin      = -1.84941pt
(typearea)              \headheight     = 18.125pt
(typearea)              \headsep        = 21.75pt
(typearea)              \topskip        = 12.0pt
(typearea)              \footskip       = 50.75pt
(typearea)              \baselineskip   = 14.5pt
(typearea)              on input line 1743.
)
\c@part=\count186
\c@chapter=\count187
\c@section=\count188
\c@subsection=\count189
\c@subsubsection=\count190
\c@paragraph=\count191
\c@subparagraph=\count192
\scr@dte@chapter@maxnumwidth=\skip53
Class scrbook Info: using compatibility default `afterindent=bysign'
(scrbook)           for `\chapter on input line 5715.
\scr@dte@section@maxnumwidth=\skip54
Class scrbook Info: using compatibility default `runin=bysign'
(scrbook)           for `\section on input line 5726.
Class scrbook Info: using compatibility default `afterindent=bysign'
(scrbook)           for `\section on input line 5726.
\scr@dte@part@maxnumwidth=\skip55
Class scrbook Info: using compatibility default `afterindent=true'
(scrbook)           for `\part on input line 5735.
\scr@dte@subsection@maxnumwidth=\skip56
Class scrbook Info: using compatibility default `runin=bysign'
(scrbook)           for `\subsection on input line 5745.
Class scrbook Info: using compatibility default `afterindent=bysign'
(scrbook)           for `\subsection on input line 5745.
\scr@dte@subsubsection@maxnumwidth=\skip57
Class scrbook Info: using compatibility default `runin=bysign'
(scrbook)           for `\subsubsection on input line 5755.
Class scrbook Info: using compatibility default `afterindent=bysign'
(scrbook)           for `\subsubsection on input line 5755.
\scr@dte@paragraph@maxnumwidth=\skip58
Class scrbook Info: using compatibility default `runin=bysign'
(scrbook)           for `\paragraph on input line 5766.
Class scrbook Info: using compatibility default `afterindent=bysign'
(scrbook)           for `\paragraph on input line 5766.
\scr@dte@subparagraph@maxnumwidth=\skip59
Class scrbook Info: using compatibility default `runin=bysign'
(scrbook)           for `\subparagraph on input line 5776.
Class scrbook Info: using compatibility default `afterindent=bysign'
(scrbook)           for `\subparagraph on input line 5776.
\abovecaptionskip=\skip60
\belowcaptionskip=\skip61
\c@pti@nb@sid@b@x=\box51
Package tocbasic Info: babel extension for `lof' omitted
(tocbasic)             because of missing \bbl@set@language on input line 6962.

\scr@dte@figure@maxnumwidth=\skip62
\c@figure=\count193
Package tocbasic Info: babel extension for `lot' omitted
(tocbasic)             because of missing \bbl@set@language on input line 6978.

\scr@dte@table@maxnumwidth=\skip63
\c@table=\count194
Class scrbook Info: Redefining `\numberline' on input line 7146.
\bibindent=\dimen138
)
(/usr/share/texlive/texmf-dist/tex/latex/yliow/mybooktwo.sty
(/usr/share/texlive/texmf-dist/tex/latex/yliow/mymacro-new.sty
LaTeX Info: Redefining \bf on input line 6.

(/usr/share/texlive/texmf-dist/tex/latex/yliow/useallpackages.tex
(/usr/share/texlive/texmf-dist/tex/latex/marginnote/marginnote.sty
Package: marginnote 2018/08/09 v1.4b non floating margin notes for LaTeX
\c@mn@abspage=\count195
)
(/usr/share/texlive/texmf-dist/tex/latex/setspace/setspace.sty
Package: setspace 2011/12/19 v6.7a set line spacing
)
(/usr/share/texlive/texmf-dist/tex/latex/amsmath/amsmath.sty
Package: amsmath 2021/10/15 v2.17l AMS math features
\@mathmargin=\skip64

For additional information on amsmath, use the `?' option.
(/usr/share/texlive/texmf-dist/tex/latex/amsmath/amstext.sty
Package: amstext 2021/08/26 v2.01 AMS text

(/usr/share/texlive/texmf-dist/tex/latex/amsmath/amsgen.sty
File: amsgen.sty 1999/11/30 v2.0 generic functions
\@emptytoks=\toks17
\ex@=\dimen139
))
(/usr/share/texlive/texmf-dist/tex/latex/amsmath/amsbsy.sty
Package: amsbsy 1999/11/29 v1.2d Bold Symbols
\pmbraise@=\dimen140
)
(/usr/share/texlive/texmf-dist/tex/latex/amsmath/amsopn.sty
Package: amsopn 2021/08/26 v2.02 operator names
)
\inf@bad=\count196
LaTeX Info: Redefining \frac on input line 234.
\uproot@=\count197
\leftroot@=\count198
LaTeX Info: Redefining \overline on input line 399.
\classnum@=\count199
\DOTSCASE@=\count266
LaTeX Info: Redefining \ldots on input line 496.
LaTeX Info: Redefining \dots on input line 499.
LaTeX Info: Redefining \cdots on input line 620.
\Mathstrutbox@=\box52
\strutbox@=\box53
\big@size=\dimen141
LaTeX Font Info:    Redeclaring font encoding OML on input line 743.
LaTeX Font Info:    Redeclaring font encoding OMS on input line 744.
\macc@depth=\count267
\c@MaxMatrixCols=\count268
\dotsspace@=\muskip16
\c@parentequation=\count269
\dspbrk@lvl=\count270
\tag@help=\toks18
\row@=\count271
\column@=\count272
\maxfields@=\count273
\andhelp@=\toks19
\eqnshift@=\dimen142
\alignsep@=\dimen143
\tagshift@=\dimen144
\tagwidth@=\dimen145
\totwidth@=\dimen146
\lineht@=\dimen147
\@envbody=\toks20
\multlinegap=\skip65
\multlinetaggap=\skip66
\mathdisplay@stack=\toks21
LaTeX Info: Redefining \[ on input line 2938.
LaTeX Info: Redefining \] on input line 2939.
)
(/usr/share/texlive/texmf-dist/tex/latex/amsfonts/amssymb.sty
Package: amssymb 2013/01/14 v3.01 AMS font symbols

(/usr/share/texlive/texmf-dist/tex/latex/amsfonts/amsfonts.sty
Package: amsfonts 2013/01/14 v3.01 Basic AMSFonts support
\symAMSa=\mathgroup4
\symAMSb=\mathgroup5
LaTeX Font Info:    Redeclaring math symbol \hbar on input line 98.
LaTeX Font Info:    Overwriting math alphabet `\mathfrak' in version `bold'
(Font)                  U/euf/m/n --> U/euf/b/n on input line 106.
))
(/usr/share/texlive/texmf-dist/tex/latex/amscls/amsthm.sty
Package: amsthm 2020/05/29 v2.20.6
\thm@style=\toks22
\thm@bodyfont=\toks23
\thm@headfont=\toks24
\thm@notefont=\toks25
\thm@headpunct=\toks26
\thm@preskip=\skip67
\thm@postskip=\skip68
\thm@headsep=\skip69
\dth@everypar=\toks27
)
(/usr/share/texlive/texmf-dist/tex/latex/xpatch/xpatch.sty
(/usr/share/texlive/texmf-dist/tex/latex/l3kernel/expl3.sty
Package: expl3 2022-01-21 L3 programming layer (loader) 

(/usr/share/texlive/texmf-dist/tex/latex/l3backend/l3backend-pdftex.def
File: l3backend-pdftex.def 2022-01-12 L3 backend support: PDF output (pdfTeX)
\l__color_backend_stack_int=\count274
\l__pdf_internal_box=\box54
))
Package: xpatch 2020/03/25 v0.3a Extending etoolbox patching commands

(/usr/share/texlive/texmf-dist/tex/latex/l3packages/xparse/xparse.sty
Package: xparse 2022-01-12 L3 Experimental document command parser
)
(/usr/share/texlive/texmf-dist/tex/latex/etoolbox/etoolbox.sty
Package: etoolbox 2020/10/05 v2.5k e-TeX tools for LaTeX (JAW)
\etb@tempcnta=\count275
))
Class scrbook Info: amsthm's \deferred@thm@head patched.

(/usr/share/texlive/texmf-dist/tex/latex/mathtools/mathtools.sty
Package: mathtools 2021/02/02 v1.28 mathematical typesetting tools

(/usr/share/texlive/texmf-dist/tex/latex/tools/calc.sty
Package: calc 2017/05/25 v4.3 Infix arithmetic (KKT,FJ)
\calc@Acount=\count276
\calc@Bcount=\count277
\calc@Adimen=\dimen148
\calc@Bdimen=\dimen149
\calc@Askip=\skip70
\calc@Bskip=\skip71
LaTeX Info: Redefining \setlength on input line 80.
LaTeX Info: Redefining \addtolength on input line 81.
\calc@Ccount=\count278
\calc@Cskip=\skip72
)
(/usr/share/texlive/texmf-dist/tex/latex/mathtools/mhsetup.sty
Package: mhsetup 2021/03/18 v1.4 programming setup (MH)
)
\g_MT_multlinerow_int=\count279
\l_MT_multwidth_dim=\dimen150
\origjot=\skip73
\l_MT_shortvdotswithinadjustabove_dim=\dimen151
\l_MT_shortvdotswithinadjustbelow_dim=\dimen152
\l_MT_above_intertext_sep=\dimen153
\l_MT_below_intertext_sep=\dimen154
\l_MT_above_shortintertext_sep=\dimen155
\l_MT_below_shortintertext_sep=\dimen156
\xmathstrut@box=\box55
\xmathstrut@dim=\dimen157
)
(/usr/share/texlive/texmf-dist/tex/latex/lipsum/lipsum.sty
(/usr/share/texlive/texmf-dist/tex/latex/l3packages/l3keys2e/l3keys2e.sty
Package: l3keys2e 2022-01-12 LaTeX2e option processing using LaTeX3 keys
)
Package: lipsum 2021-09-20 v2.7 150 paragraphs of Lorem Ipsum dummy text
\g__lipsum_par_int=\count280
\l__lipsum_a_int=\count281
\l__lipsum_b_int=\count282

(/usr/share/texlive/texmf-dist/tex/latex/lipsum/lipsum.ltd.tex))
(/usr/share/texlive/texmf-dist/tex/latex/fancyvrb/fancyvrb.sty
Package: fancyvrb 2021/12/21 4.1b verbatim text (tvz,hv)
\FV@CodeLineNo=\count283
\FV@InFile=\read2
\FV@TabBox=\box56
\c@FancyVerbLine=\count284
\FV@StepNumber=\count285
\FV@OutFile=\write3
)

Class scrbook Warning: Usage of package `parskip' together
(scrbook)              with a KOMA-Script class is not recommended.
(scrbook)              I'd suggest to use option
(scrbook)              `parskip' with one of it's several values.
(scrbook)              Nevertheless, using requested
(scrbook)              package `parskip' on input line 28.

(/usr/share/texlive/texmf-dist/tex/latex/parskip/parskip.sty
Package: parskip 2021-03-14 v2.0h non-zero parskip adjustments

(/usr/share/texlive/texmf-dist/tex/latex/kvoptions/kvoptions.sty
Package: kvoptions 2020-10-07 v3.14 Key value format for package options (HO)

(/usr/share/texlive/texmf-dist/tex/generic/ltxcmds/ltxcmds.sty
Package: ltxcmds 2020-05-10 v1.25 LaTeX kernel commands for general use (HO)
)
(/usr/share/texlive/texmf-dist/tex/generic/kvsetkeys/kvsetkeys.sty
Package: kvsetkeys 2019/12/15 v1.18 Key value parser (HO)
))
Couldn't patch \@startsection
) (/usr/share/texlive/texmf-dist/tex/latex/lastpage/lastpage.sty
Package: lastpage 2021/09/03 v1.2n Refers to last page's name (HMM; JPG)
)
(/usr/share/texlive/texmf-dist/tex/latex/tools/verbatim.sty
Package: verbatim 2020-07-07 v1.5u LaTeX2e package for verbatim enhancements
\every@verbatim=\toks28
\verbatim@line=\toks29
\verbatim@in@stream=\read3
)
(/usr/share/texlive/texmf-dist/tex/latex/boxedminipage/boxedminipage.sty
Package: boxedminipage 2020/04/19 v1.1 Boxed LaTeX2e minipages
\bmp@box=\box57
\bmp@width=\skip74
\bmp@height=\skip75
)
(/usr/share/texlive/texmf-dist/tex/latex/enumitem/enumitem.sty
Package: enumitem 2019/06/20 v3.9 Customized lists
\labelindent=\skip76
\enit@outerparindent=\dimen158
\enit@toks=\toks30
\enit@inbox=\box58
\enit@count@id=\count286
\enitdp@description=\count287
)
(/usr/share/texlive/texmf-dist/tex/latex/hyperref/hyperref.sty
Package: hyperref 2021-06-07 v7.00m Hypertext links for LaTeX

(/usr/share/texlive/texmf-dist/tex/generic/iftex/iftex.sty
Package: iftex 2020/03/06 v1.0d TeX engine tests
)
(/usr/share/texlive/texmf-dist/tex/generic/pdftexcmds/pdftexcmds.sty
Package: pdftexcmds 2020-06-27 v0.33 Utility functions of pdfTeX for LuaTeX (HO
)

(/usr/share/texlive/texmf-dist/tex/generic/infwarerr/infwarerr.sty
Package: infwarerr 2019/12/03 v1.5 Providing info/warning/error messages (HO)
)
Package pdftexcmds Info: \pdf@primitive is available.
Package pdftexcmds Info: \pdf@ifprimitive is available.
Package pdftexcmds Info: \pdfdraftmode found.
)
(/usr/share/texlive/texmf-dist/tex/generic/kvdefinekeys/kvdefinekeys.sty
Package: kvdefinekeys 2019-12-19 v1.6 Define keys (HO)
)
(/usr/share/texlive/texmf-dist/tex/generic/pdfescape/pdfescape.sty
Package: pdfescape 2019/12/09 v1.15 Implements pdfTeX's escape features (HO)
)
(/usr/share/texlive/texmf-dist/tex/latex/hycolor/hycolor.sty
Package: hycolor 2020-01-27 v1.10 Color options for hyperref/bookmark (HO)
)
(/usr/share/texlive/texmf-dist/tex/latex/letltxmacro/letltxmacro.sty
Package: letltxmacro 2019/12/03 v1.6 Let assignment for LaTeX macros (HO)
)
(/usr/share/texlive/texmf-dist/tex/latex/auxhook/auxhook.sty
Package: auxhook 2019-12-17 v1.6 Hooks for auxiliary files (HO)
)
\@linkdim=\dimen159
\Hy@linkcounter=\count288
\Hy@pagecounter=\count289

(/usr/share/texlive/texmf-dist/tex/latex/hyperref/pd1enc.def
File: pd1enc.def 2021-06-07 v7.00m Hyperref: PDFDocEncoding definition (HO)
Now handling font encoding PD1 ...
... no UTF-8 mapping file for font encoding PD1
)
(/usr/share/texlive/texmf-dist/tex/latex/hyperref/hyperref-langpatches.def
File: hyperref-langpatches.def 2021-06-07 v7.00m Hyperref: patches for babel la
nguages
)
(/usr/share/texlive/texmf-dist/tex/generic/intcalc/intcalc.sty
Package: intcalc 2019/12/15 v1.3 Expandable calculations with integers (HO)
)
(/usr/share/texlive/texmf-dist/tex/generic/etexcmds/etexcmds.sty
Package: etexcmds 2019/12/15 v1.7 Avoid name clashes with e-TeX commands (HO)
)
\Hy@SavedSpaceFactor=\count290

(/usr/share/texlive/texmf-dist/tex/latex/hyperref/puenc.def
File: puenc.def 2021-06-07 v7.00m Hyperref: PDF Unicode definition (HO)
Now handling font encoding PU ...
... no UTF-8 mapping file for font encoding PU
)
Package hyperref Info: Hyper figures OFF on input line 4192.
Package hyperref Info: Link nesting OFF on input line 4197.
Package hyperref Info: Hyper index ON on input line 4200.
Package hyperref Info: Plain pages OFF on input line 4207.
Package hyperref Info: Backreferencing OFF on input line 4212.
Package hyperref Info: Implicit mode ON; LaTeX internals redefined.
Package hyperref Info: Bookmarks ON on input line 4445.
\c@Hy@tempcnt=\count291

(/usr/share/texlive/texmf-dist/tex/latex/url/url.sty
\Urlmuskip=\muskip17
Package: url 2013/09/16  ver 3.4  Verb mode for urls, etc.
)
LaTeX Info: Redefining \url on input line 4804.
\XeTeXLinkMargin=\dimen160

(/usr/share/texlive/texmf-dist/tex/generic/bitset/bitset.sty
Package: bitset 2019/12/09 v1.3 Handle bit-vector datatype (HO)

(/usr/share/texlive/texmf-dist/tex/generic/bigintcalc/bigintcalc.sty
Package: bigintcalc 2019/12/15 v1.5 Expandable calculations on big integers (HO
)
))
\Fld@menulength=\count292
\Field@Width=\dimen161
\Fld@charsize=\dimen162
Package hyperref Info: Hyper figures OFF on input line 6076.
Package hyperref Info: Link nesting OFF on input line 6081.
Package hyperref Info: Hyper index ON on input line 6084.
Package hyperref Info: backreferencing OFF on input line 6091.
Package hyperref Info: Link coloring OFF on input line 6096.
Package hyperref Info: Link coloring with OCG OFF on input line 6101.
Package hyperref Info: PDF/A mode OFF on input line 6106.
LaTeX Info: Redefining \ref on input line 6146.
LaTeX Info: Redefining \pageref on input line 6150.

(/usr/share/texlive/texmf-dist/tex/latex/base/atbegshi-ltx.sty
Package: atbegshi-ltx 2021/01/10 v1.0c Emulation of the original atbegshi
package with kernel methods
)
\Hy@abspage=\count293
\c@Item=\count294
\c@Hfootnote=\count295
)
Package hyperref Info: Driver (autodetected): hpdftex.

(/usr/share/texlive/texmf-dist/tex/latex/hyperref/hpdftex.def
File: hpdftex.def 2021-06-07 v7.00m Hyperref driver for pdfTeX

(/usr/share/texlive/texmf-dist/tex/latex/base/atveryend-ltx.sty
Package: atveryend-ltx 2020/08/19 v1.0a Emulation of the original atveryend pac
kage
with kernel methods
)
\Fld@listcount=\count296
\c@bookmark@seq@number=\count297

(/usr/share/texlive/texmf-dist/tex/latex/rerunfilecheck/rerunfilecheck.sty
Package: rerunfilecheck 2019/12/05 v1.9 Rerun checks for auxiliary files (HO)

(/usr/share/texlive/texmf-dist/tex/generic/uniquecounter/uniquecounter.sty
Package: uniquecounter 2019/12/15 v1.4 Provide unlimited unique counter (HO)
)
Package uniquecounter Info: New unique counter `rerunfilecheck' on input line 2
86.
)
\Hy@SectionHShift=\skip77
)
(/usr/share/texlive/texmf-dist/tex/latex/base/makeidx.sty
Package: makeidx 2021/10/04 v1.0m Standard LaTeX package
)
\@indexfile=\write4
\openout4 = `main.idx'.


Writing index file main.idx
(/usr/share/texlive/texmf-dist/tex/latex/base/ifthen.sty
Package: ifthen 2020/11/24 v1.1c Standard LaTeX ifthen package (DPC)
)
(/usr/share/texlive/texmf-dist/tex/latex/graphics/color.sty
Package: color 2021/12/07 v1.3c Standard LaTeX Color (DPC)

(/usr/share/texlive/texmf-dist/tex/latex/graphics-cfg/color.cfg
File: color.cfg 2016/01/02 v1.6 sample color configuration
)
Package color Info: Driver file: pdftex.def on input line 149.

(/usr/share/texlive/texmf-dist/tex/latex/graphics-def/pdftex.def
File: pdftex.def 2020/10/05 v1.2a Graphics/color driver for pdftex
))
(/usr/share/texlive/texmf-dist/tex/latex/graphics/graphicx.sty
Package: graphicx 2021/09/16 v1.2d Enhanced LaTeX Graphics (DPC,SPQR)

(/usr/share/texlive/texmf-dist/tex/latex/graphics/graphics.sty
Package: graphics 2021/03/04 v1.4d Standard LaTeX Graphics (DPC,SPQR)

(/usr/share/texlive/texmf-dist/tex/latex/graphics/trig.sty
Package: trig 2021/08/11 v1.11 sin cos tan (DPC)
)
(/usr/share/texlive/texmf-dist/tex/latex/graphics-cfg/graphics.cfg
File: graphics.cfg 2016/06/04 v1.11 sample graphics configuration
)
Package graphics Info: Driver file: pdftex.def on input line 107.
)
\Gin@req@height=\dimen163
\Gin@req@width=\dimen164
)
(/usr/share/texlive/texmf-dist/tex/latex/pgf/basiclayer/pgf.sty
(/usr/share/texlive/texmf-dist/tex/latex/pgf/utilities/pgfrcs.sty
(/usr/share/texlive/texmf-dist/tex/generic/pgf/utilities/pgfutil-common.tex
\pgfutil@everybye=\toks31
\pgfutil@tempdima=\dimen165
\pgfutil@tempdimb=\dimen166

(/usr/share/texlive/texmf-dist/tex/generic/pgf/utilities/pgfutil-common-lists.t
ex)) (/usr/share/texlive/texmf-dist/tex/generic/pgf/utilities/pgfutil-latex.def
\pgfutil@abb=\box59
) (/usr/share/texlive/texmf-dist/tex/generic/pgf/utilities/pgfrcs.code.tex
(/usr/share/texlive/texmf-dist/tex/generic/pgf/pgf.revision.tex)
Package: pgfrcs 2021/05/15 v3.1.9a (3.1.9a)
))
Package: pgf 2021/05/15 v3.1.9a (3.1.9a)

(/usr/share/texlive/texmf-dist/tex/latex/pgf/basiclayer/pgfcore.sty
(/usr/share/texlive/texmf-dist/tex/latex/pgf/systemlayer/pgfsys.sty
(/usr/share/texlive/texmf-dist/tex/generic/pgf/systemlayer/pgfsys.code.tex
Package: pgfsys 2021/05/15 v3.1.9a (3.1.9a)

(/usr/share/texlive/texmf-dist/tex/generic/pgf/utilities/pgfkeys.code.tex
\pgfkeys@pathtoks=\toks32
\pgfkeys@temptoks=\toks33

(/usr/share/texlive/texmf-dist/tex/generic/pgf/utilities/pgfkeysfiltered.code.t
ex
\pgfkeys@tmptoks=\toks34
))
\pgf@x=\dimen167
\pgf@y=\dimen168
\pgf@xa=\dimen169
\pgf@ya=\dimen170
\pgf@xb=\dimen171
\pgf@yb=\dimen172
\pgf@xc=\dimen173
\pgf@yc=\dimen174
\pgf@xd=\dimen175
\pgf@yd=\dimen176
\w@pgf@writea=\write5
\r@pgf@reada=\read4
\c@pgf@counta=\count298
\c@pgf@countb=\count299
\c@pgf@countc=\count300
\c@pgf@countd=\count301
\t@pgf@toka=\toks35
\t@pgf@tokb=\toks36
\t@pgf@tokc=\toks37
\pgf@sys@id@count=\count302
 (/usr/share/texlive/texmf-dist/tex/generic/pgf/systemlayer/pgf.cfg
File: pgf.cfg 2021/05/15 v3.1.9a (3.1.9a)
)
Driver file for pgf: pgfsys-pdftex.def

(/usr/share/texlive/texmf-dist/tex/generic/pgf/systemlayer/pgfsys-pdftex.def
File: pgfsys-pdftex.def 2021/05/15 v3.1.9a (3.1.9a)

(/usr/share/texlive/texmf-dist/tex/generic/pgf/systemlayer/pgfsys-common-pdf.de
f
File: pgfsys-common-pdf.def 2021/05/15 v3.1.9a (3.1.9a)
)))
(/usr/share/texlive/texmf-dist/tex/generic/pgf/systemlayer/pgfsyssoftpath.code.
tex
File: pgfsyssoftpath.code.tex 2021/05/15 v3.1.9a (3.1.9a)
\pgfsyssoftpath@smallbuffer@items=\count303
\pgfsyssoftpath@bigbuffer@items=\count304
)
(/usr/share/texlive/texmf-dist/tex/generic/pgf/systemlayer/pgfsysprotocol.code.
tex
File: pgfsysprotocol.code.tex 2021/05/15 v3.1.9a (3.1.9a)
)) (/usr/share/texlive/texmf-dist/tex/latex/xcolor/xcolor.sty
Package: xcolor 2021/10/31 v2.13 LaTeX color extensions (UK)

(/usr/share/texlive/texmf-dist/tex/latex/graphics-cfg/color.cfg
File: color.cfg 2016/01/02 v1.6 sample color configuration
)
Package xcolor Info: Driver file: pdftex.def on input line 227.
LaTeX Info: Redefining \color on input line 711.
Package xcolor Info: Model `cmy' substituted by `cmy0' on input line 1352.
Package xcolor Info: Model `hsb' substituted by `rgb' on input line 1356.
Package xcolor Info: Model `RGB' extended on input line 1368.
Package xcolor Info: Model `HTML' substituted by `rgb' on input line 1370.
Package xcolor Info: Model `Hsb' substituted by `hsb' on input line 1371.
Package xcolor Info: Model `tHsb' substituted by `hsb' on input line 1372.
Package xcolor Info: Model `HSB' substituted by `hsb' on input line 1373.
Package xcolor Info: Model `Gray' substituted by `gray' on input line 1374.
Package xcolor Info: Model `wave' substituted by `hsb' on input line 1375.
)
(/usr/share/texlive/texmf-dist/tex/generic/pgf/basiclayer/pgfcore.code.tex
Package: pgfcore 2021/05/15 v3.1.9a (3.1.9a)

(/usr/share/texlive/texmf-dist/tex/generic/pgf/math/pgfmath.code.tex
(/usr/share/texlive/texmf-dist/tex/generic/pgf/math/pgfmathcalc.code.tex
(/usr/share/texlive/texmf-dist/tex/generic/pgf/math/pgfmathutil.code.tex)
(/usr/share/texlive/texmf-dist/tex/generic/pgf/math/pgfmathparser.code.tex
\pgfmath@dimen=\dimen177
\pgfmath@count=\count305
\pgfmath@box=\box60
\pgfmath@toks=\toks38
\pgfmath@stack@operand=\toks39
\pgfmath@stack@operation=\toks40
)
(/usr/share/texlive/texmf-dist/tex/generic/pgf/math/pgfmathfunctions.code.tex
(/usr/share/texlive/texmf-dist/tex/generic/pgf/math/pgfmathfunctions.basic.code
.tex)
(/usr/share/texlive/texmf-dist/tex/generic/pgf/math/pgfmathfunctions.trigonomet
ric.code.tex)
(/usr/share/texlive/texmf-dist/tex/generic/pgf/math/pgfmathfunctions.random.cod
e.tex)
(/usr/share/texlive/texmf-dist/tex/generic/pgf/math/pgfmathfunctions.comparison
.code.tex)
(/usr/share/texlive/texmf-dist/tex/generic/pgf/math/pgfmathfunctions.base.code.
tex)
(/usr/share/texlive/texmf-dist/tex/generic/pgf/math/pgfmathfunctions.round.code
.tex)
(/usr/share/texlive/texmf-dist/tex/generic/pgf/math/pgfmathfunctions.misc.code.
tex)
(/usr/share/texlive/texmf-dist/tex/generic/pgf/math/pgfmathfunctions.integerari
thmetics.code.tex)))
(/usr/share/texlive/texmf-dist/tex/generic/pgf/math/pgfmathfloat.code.tex
\c@pgfmathroundto@lastzeros=\count306
))
(/usr/share/texlive/texmf-dist/tex/generic/pgf/math/pgfint.code.tex)
(/usr/share/texlive/texmf-dist/tex/generic/pgf/basiclayer/pgfcorepoints.code.te
x
File: pgfcorepoints.code.tex 2021/05/15 v3.1.9a (3.1.9a)
\pgf@picminx=\dimen178
\pgf@picmaxx=\dimen179
\pgf@picminy=\dimen180
\pgf@picmaxy=\dimen181
\pgf@pathminx=\dimen182
\pgf@pathmaxx=\dimen183
\pgf@pathminy=\dimen184
\pgf@pathmaxy=\dimen185
\pgf@xx=\dimen186
\pgf@xy=\dimen187
\pgf@yx=\dimen188
\pgf@yy=\dimen189
\pgf@zx=\dimen190
\pgf@zy=\dimen191
)
(/usr/share/texlive/texmf-dist/tex/generic/pgf/basiclayer/pgfcorepathconstruct.
code.tex
File: pgfcorepathconstruct.code.tex 2021/05/15 v3.1.9a (3.1.9a)
\pgf@path@lastx=\dimen192
\pgf@path@lasty=\dimen193
)
(/usr/share/texlive/texmf-dist/tex/generic/pgf/basiclayer/pgfcorepathusage.code
.tex
File: pgfcorepathusage.code.tex 2021/05/15 v3.1.9a (3.1.9a)
\pgf@shorten@end@additional=\dimen194
\pgf@shorten@start@additional=\dimen195
)
(/usr/share/texlive/texmf-dist/tex/generic/pgf/basiclayer/pgfcorescopes.code.te
x
File: pgfcorescopes.code.tex 2021/05/15 v3.1.9a (3.1.9a)
\pgfpic=\box61
\pgf@hbox=\box62
\pgf@layerbox@main=\box63
\pgf@picture@serial@count=\count307
)
(/usr/share/texlive/texmf-dist/tex/generic/pgf/basiclayer/pgfcoregraphicstate.c
ode.tex
File: pgfcoregraphicstate.code.tex 2021/05/15 v3.1.9a (3.1.9a)
\pgflinewidth=\dimen196
)
(/usr/share/texlive/texmf-dist/tex/generic/pgf/basiclayer/pgfcoretransformation
s.code.tex
File: pgfcoretransformations.code.tex 2021/05/15 v3.1.9a (3.1.9a)
\pgf@pt@x=\dimen197
\pgf@pt@y=\dimen198
\pgf@pt@temp=\dimen199
)
(/usr/share/texlive/texmf-dist/tex/generic/pgf/basiclayer/pgfcorequick.code.tex
File: pgfcorequick.code.tex 2021/05/15 v3.1.9a (3.1.9a)
)
(/usr/share/texlive/texmf-dist/tex/generic/pgf/basiclayer/pgfcoreobjects.code.t
ex
File: pgfcoreobjects.code.tex 2021/05/15 v3.1.9a (3.1.9a)
)
(/usr/share/texlive/texmf-dist/tex/generic/pgf/basiclayer/pgfcorepathprocessing
.code.tex
File: pgfcorepathprocessing.code.tex 2021/05/15 v3.1.9a (3.1.9a)
)
(/usr/share/texlive/texmf-dist/tex/generic/pgf/basiclayer/pgfcorearrows.code.te
x
File: pgfcorearrows.code.tex 2021/05/15 v3.1.9a (3.1.9a)
\pgfarrowsep=\dimen256
)
(/usr/share/texlive/texmf-dist/tex/generic/pgf/basiclayer/pgfcoreshade.code.tex
File: pgfcoreshade.code.tex 2021/05/15 v3.1.9a (3.1.9a)
\pgf@max=\dimen257
\pgf@sys@shading@range@num=\count308
\pgf@shadingcount=\count309
)
(/usr/share/texlive/texmf-dist/tex/generic/pgf/basiclayer/pgfcoreimage.code.tex
File: pgfcoreimage.code.tex 2021/05/15 v3.1.9a (3.1.9a)

(/usr/share/texlive/texmf-dist/tex/generic/pgf/basiclayer/pgfcoreexternal.code.
tex
File: pgfcoreexternal.code.tex 2021/05/15 v3.1.9a (3.1.9a)
\pgfexternal@startupbox=\box64
))
(/usr/share/texlive/texmf-dist/tex/generic/pgf/basiclayer/pgfcorelayers.code.te
x
File: pgfcorelayers.code.tex 2021/05/15 v3.1.9a (3.1.9a)
)
(/usr/share/texlive/texmf-dist/tex/generic/pgf/basiclayer/pgfcoretransparency.c
ode.tex
File: pgfcoretransparency.code.tex 2021/05/15 v3.1.9a (3.1.9a)
)
(/usr/share/texlive/texmf-dist/tex/generic/pgf/basiclayer/pgfcorepatterns.code.
tex
File: pgfcorepatterns.code.tex 2021/05/15 v3.1.9a (3.1.9a)
)
(/usr/share/texlive/texmf-dist/tex/generic/pgf/basiclayer/pgfcorerdf.code.tex
File: pgfcorerdf.code.tex 2021/05/15 v3.1.9a (3.1.9a)
)))
(/usr/share/texlive/texmf-dist/tex/generic/pgf/modules/pgfmoduleshapes.code.tex
File: pgfmoduleshapes.code.tex 2021/05/15 v3.1.9a (3.1.9a)
\pgfnodeparttextbox=\box65
) (/usr/share/texlive/texmf-dist/tex/generic/pgf/modules/pgfmoduleplot.code.tex
File: pgfmoduleplot.code.tex 2021/05/15 v3.1.9a (3.1.9a)
)
(/usr/share/texlive/texmf-dist/tex/latex/pgf/compatibility/pgfcomp-version-0-65
.sty
Package: pgfcomp-version-0-65 2021/05/15 v3.1.9a (3.1.9a)
\pgf@nodesepstart=\dimen258
\pgf@nodesepend=\dimen259
)
(/usr/share/texlive/texmf-dist/tex/latex/pgf/compatibility/pgfcomp-version-1-18
.sty
Package: pgfcomp-version-1-18 2021/05/15 v3.1.9a (3.1.9a)
)) (/usr/share/texlive/texmf-dist/tex/latex/tools/longtable.sty
Package: longtable 2021-09-01 v4.17 Multi-page Table package (DPC)
\LTleft=\skip78
\LTright=\skip79
\LTpre=\skip80
\LTpost=\skip81
\LTchunksize=\count310
\LTcapwidth=\dimen260
\LT@head=\box66
\LT@firsthead=\box67
\LT@foot=\box68
\LT@lastfoot=\box69
\LT@gbox=\box70
\LT@cols=\count311
\LT@rows=\count312
\c@LT@tables=\count313
\c@LT@chunks=\count314
\LT@p@ftn=\toks41
)
Class scrbook Info: longtable captions redefined on input line 41.

(/usr/share/texlive/texmf-dist/tex/latex/upquote/upquote.sty
Package: upquote 2012/04/19 v1.3 upright-quote and grave-accent glyphs in verba
tim
)
(/usr/share/texlive/texmf-dist/tex/latex/xargs/xargs.sty
Package: xargs 2008/03/22 v1.1  extended macro definitions  (mpg)

(/usr/share/texlive/texmf-dist/tex/latex/xkeyval/xkeyval.sty
Package: xkeyval 2020/11/20 v2.8 package option processing (HA)

(/usr/share/texlive/texmf-dist/tex/generic/xkeyval/xkeyval.tex
(/usr/share/texlive/texmf-dist/tex/generic/xkeyval/xkvutils.tex
\XKV@toks=\toks42
\XKV@tempa@toks=\toks43
)
\XKV@depth=\count315
File: xkeyval.tex 2014/12/03 v2.7a key=value parser (HA)
))
\xargs@max=\count316
\xargs@toksa=\toks44
\xargs@toksb=\toks45
)
(/usr/share/texlive/texmf-dist/tex/latex/tobiShell.sty
Package: tobiShell 2004/04/12 This is tobiShell.sty. v1:2003/11/25
\tobiShellFile=\write6
)
(/usr/share/texlive/texmf-dist/tex/latex/pgf/frontendlayer/tikz.sty
(/usr/share/texlive/texmf-dist/tex/latex/pgf/utilities/pgffor.sty
(/usr/share/texlive/texmf-dist/tex/latex/pgf/utilities/pgfkeys.sty
(/usr/share/texlive/texmf-dist/tex/generic/pgf/utilities/pgfkeys.code.tex))
(/usr/share/texlive/texmf-dist/tex/latex/pgf/math/pgfmath.sty
(/usr/share/texlive/texmf-dist/tex/generic/pgf/math/pgfmath.code.tex))
(/usr/share/texlive/texmf-dist/tex/generic/pgf/utilities/pgffor.code.tex
Package: pgffor 2021/05/15 v3.1.9a (3.1.9a)

(/usr/share/texlive/texmf-dist/tex/generic/pgf/math/pgfmath.code.tex)
\pgffor@iter=\dimen261
\pgffor@skip=\dimen262
\pgffor@stack=\toks46
\pgffor@toks=\toks47
))
(/usr/share/texlive/texmf-dist/tex/generic/pgf/frontendlayer/tikz/tikz.code.tex
Package: tikz 2021/05/15 v3.1.9a (3.1.9a)

(/usr/share/texlive/texmf-dist/tex/generic/pgf/libraries/pgflibraryplothandlers
.code.tex
File: pgflibraryplothandlers.code.tex 2021/05/15 v3.1.9a (3.1.9a)
\pgf@plot@mark@count=\count317
\pgfplotmarksize=\dimen263
)
\tikz@lastx=\dimen264
\tikz@lasty=\dimen265
\tikz@lastxsaved=\dimen266
\tikz@lastysaved=\dimen267
\tikz@lastmovetox=\dimen268
\tikz@lastmovetoy=\dimen269
\tikzleveldistance=\dimen270
\tikzsiblingdistance=\dimen271
\tikz@figbox=\box71
\tikz@figbox@bg=\box72
\tikz@tempbox=\box73
\tikz@tempbox@bg=\box74
\tikztreelevel=\count318
\tikznumberofchildren=\count319
\tikznumberofcurrentchild=\count320
\tikz@fig@count=\count321

(/usr/share/texlive/texmf-dist/tex/generic/pgf/modules/pgfmodulematrix.code.tex
File: pgfmodulematrix.code.tex 2021/05/15 v3.1.9a (3.1.9a)
\pgfmatrixcurrentrow=\count322
\pgfmatrixcurrentcolumn=\count323
\pgf@matrix@numberofcolumns=\count324
)
\tikz@expandcount=\count325

(/usr/share/texlive/texmf-dist/tex/generic/pgf/frontendlayer/tikz/libraries/tik
zlibrarytopaths.code.tex
File: tikzlibrarytopaths.code.tex 2021/05/15 v3.1.9a (3.1.9a)
)))
(/usr/share/texlive/texmf-dist/tex/latex/tikzmark/tikzlibrarytikzmark.code.tex
File: tikzlibrarytikzmark.code.tex 2021/02/16 v1.10 TikZ library for marking po
sitions in a document
\l__sn_x_dim=\dimen272
\l__sn_y_dim=\dimen273
\l__sn_xa_dim=\dimen274
\l__sn_ya_dim=\dimen275
) (/usr/share/texlive/texmf-dist/tex/latex/tikzpagenodes/tikzpagenodes.sty
Package: tikzpagenodes 2012/09/16 v1.1 Special PGF/TikZ nodes for areas of the 
page

(/usr/share/texlive/texmf-dist/tex/latex/ifoddpage/ifoddpage.sty
Package: ifoddpage 2016/04/23 v1.1 Conditionals for odd/even page detection
\c@checkoddpage=\count326
))
(/usr/share/texlive/texmf-dist/tex/generic/pgf/frontendlayer/tikz/libraries/tik
zlibrarycalc.code.tex
File: tikzlibrarycalc.code.tex 2021/05/15 v3.1.9a (3.1.9a)
)
(/usr/share/texlive/texmf-dist/tex/generic/pgf/frontendlayer/tikz/libraries/tik
zlibrarydecorations.pathreplacing.code.tex
(/usr/share/texlive/texmf-dist/tex/generic/pgf/frontendlayer/tikz/libraries/tik
zlibrarydecorations.code.tex
(/usr/share/texlive/texmf-dist/tex/generic/pgf/modules/pgfmoduledecorations.cod
e.tex
\pgfdecoratedcompleteddistance=\dimen276
\pgfdecoratedremainingdistance=\dimen277
\pgfdecoratedinputsegmentcompleteddistance=\dimen278
\pgfdecoratedinputsegmentremainingdistance=\dimen279
\pgf@decorate@distancetomove=\dimen280
\pgf@decorate@repeatstate=\count327
\pgfdecorationsegmentamplitude=\dimen281
\pgfdecorationsegmentlength=\dimen282
)
\tikz@lib@dec@box=\box75
)
(/usr/share/texlive/texmf-dist/tex/generic/pgf/libraries/decorations/pgflibrary
decorations.pathreplacing.code.tex))
(/usr/share/texlive/texmf-dist/tex/generic/pgf/frontendlayer/tikz/libraries/tik
zlibraryautomata.code.tex
File: tikzlibraryautomata.code.tex 2021/05/15 v3.1.9a (3.1.9a)

(/usr/share/texlive/texmf-dist/tex/generic/pgf/frontendlayer/tikz/libraries/tik
zlibraryshapes.multipart.code.tex
File: tikzlibraryshapes.multipart.code.tex 2021/05/15 v3.1.9a (3.1.9a)

(/usr/share/texlive/texmf-dist/tex/generic/pgf/libraries/shapes/pgflibraryshape
s.multipart.code.tex
File: pgflibraryshapes.multipart.code.tex 2021/05/15 v3.1.9a (3.1.9a)
\pgfnodepartlowerbox=\box76
\pgfnodeparttwobox=\box77
\pgfnodepartthreebox=\box78
\pgfnodepartfourbox=\box79
\pgfnodeparttwentybox=\box80
\pgfnodepartnineteenbox=\box81
\pgfnodeparteighteenbox=\box82
\pgfnodepartseventeenbox=\box83
\pgfnodepartsixteenbox=\box84
\pgfnodepartfifteenbox=\box85
\pgfnodepartfourteenbox=\box86
\pgfnodepartthirteenbox=\box87
\pgfnodeparttwelvebox=\box88
\pgfnodepartelevenbox=\box89
\pgfnodeparttenbox=\box90
\pgfnodepartninebox=\box91
\pgfnodeparteightbox=\box92
\pgfnodepartsevenbox=\box93
\pgfnodepartsixbox=\box94
\pgfnodepartfivebox=\box95
)))
(/usr/share/texlive/texmf-dist/tex/generic/pgf/frontendlayer/tikz/libraries/tik
zlibraryarrows.code.tex
File: tikzlibraryarrows.code.tex 2021/05/15 v3.1.9a (3.1.9a)

(/usr/share/texlive/texmf-dist/tex/generic/pgf/libraries/pgflibraryarrows.code.
tex
File: pgflibraryarrows.code.tex 2021/05/15 v3.1.9a (3.1.9a)
\arrowsize=\dimen283
))
(/usr/share/texlive/texmf-dist/tex/generic/pgf/frontendlayer/tikz/libraries/tik
zlibraryfit.code.tex
File: tikzlibraryfit.code.tex 2021/05/15 v3.1.9a (3.1.9a)
)
(/usr/share/texlive/texmf-dist/tex/latex/pgf/compatibility/pgfarrows.sty
Package: pgfarrows 2021/05/15 v3.1.9a (3.1.9a)


Package pgfarrows Warning: This package is obsolete. pgf.sty will load arrow ma
nagement automatically on input line 17.

) (/usr/share/texlive/texmf-dist/tex/latex/pgf/compatibility/pgfnodes.sty
Package: pgfnodes 2021/05/15 v3.1.9a (3.1.9a)


Package pgfnodes Warning: This package is obsolete. pgf.sty will load node mana
gement automatically on input line 17.

)
(/usr/share/texlive/texmf-dist/tex/latex/pgfplots/tex/latex/pgfplots/pgfplots.s
ty
(/usr/share/texlive/texmf-dist/tex/latex/pgfplots/tex/generic/pgfplots/pgfplots
.revision.tex)
Package: pgfplots 2010/07/14 Version 1.4.1 (git show 1.4.1-1-g64c9e95 )

(/usr/share/texlive/texmf-dist/tex/latex/pgfplots/tex/generic/pgfplots/pgfplots
.code.tex
(/usr/share/texlive/texmf-dist/tex/latex/pgfplots/tex/generic/pgfplots/pgfplots
core.code.tex
\t@pgfplots@toka=\toks48
\t@pgfplots@tokb=\toks49
\t@pgfplots@tokc=\toks50
\pgfplots@tmpa=\dimen284
\c@pgfplots@coordindex=\count328
\c@pgfplots@scanlineindex=\count329
)
(/usr/share/texlive/texmf-dist/tex/latex/pgfplots/tex/generic/pgfplots/libs/pgf
plotslibrary.code.tex)
(/usr/share/texlive/texmf-dist/tex/latex/pgfplots/tex/generic/pgfplots/oldpgfco
mpatib/pgfplotsoldpgfsupp_loader.code.tex
(/usr/share/texlive/texmf-dist/tex/generic/pgf/libraries/pgflibraryfpu.code.tex
))
(/usr/share/texlive/texmf-dist/tex/latex/pgfplots/tex/generic/pgfplots/util/pgf
plotsutil.code.tex
(/usr/share/texlive/texmf-dist/tex/latex/pgfplots/tex/generic/pgfplots/liststru
cture/pgfplotsliststructure.code.tex)
(/usr/share/texlive/texmf-dist/tex/latex/pgfplots/tex/generic/pgfplots/liststru
cture/pgfplotsliststructureext.code.tex)
(/usr/share/texlive/texmf-dist/tex/latex/pgfplots/tex/generic/pgfplots/liststru
cture/pgfplotsarray.code.tex
\c@pgfplotsarray@tmp=\count330
)
(/usr/share/texlive/texmf-dist/tex/latex/pgfplots/tex/generic/pgfplots/numtable
/pgfplotstableshared.code.tex
\c@pgfplotstable@counta=\count331
\t@pgfplotstable@a=\toks51
\pgfplotstable@outfile=\write7
)
(/usr/share/texlive/texmf-dist/tex/latex/pgfplots/tex/generic/pgfplots/liststru
cture/pgfplotsdeque.code.tex)
(/usr/share/texlive/texmf-dist/tex/latex/pgfplots/tex/generic/pgfplots/util/pgf
plotsbinary.code.tex)
(/usr/share/texlive/texmf-dist/tex/latex/pgfplots/tex/generic/pgfplots/libs/pgf
librarypgfplots.surfshading.code.tex
(/usr/share/texlive/texmf-dist/tex/latex/pgfplots/tex/generic/pgfplots/sys/pgfl
ibrarypgfplots.surfshading.pgfsys-pdftex.def)))
(/usr/share/texlive/texmf-dist/tex/latex/pgfplots/tex/generic/pgfplots/util/pgf
plotscolormap.code.tex)
(/usr/share/texlive/texmf-dist/tex/latex/pgfplots/tex/generic/pgfplots/pgfplots
stackedplots.code.tex)
(/usr/share/texlive/texmf-dist/tex/latex/pgfplots/tex/generic/pgfplots/pgfplots
coordprocessing.code.tex)
(/usr/share/texlive/texmf-dist/tex/latex/pgfplots/tex/generic/pgfplots/pgfplots
ticks.code.tex)
(/usr/share/texlive/texmf-dist/tex/generic/pgf/frontendlayer/tikz/libraries/tik
zlibrarydecorations.pathmorphing.code.tex
(/usr/share/texlive/texmf-dist/tex/generic/pgf/libraries/decorations/pgflibrary
decorations.pathmorphing.code.tex))
\pgfplots@numplots=\count332
\pgfplots@xmin@reg=\dimen285
\pgfplots@xmax@reg=\dimen286
\pgfplots@ymin@reg=\dimen287
\pgfplots@ymax@reg=\dimen288
\pgfplots@zmin@reg=\dimen289
\pgfplots@zmax@reg=\dimen290
)
(/usr/share/texlive/texmf-dist/tex/generic/pgf/frontendlayer/tikz/libraries/tik
zlibraryplotmarks.code.tex
File: tikzlibraryplotmarks.code.tex 2021/05/15 v3.1.9a (3.1.9a)

(/usr/share/texlive/texmf-dist/tex/generic/pgf/libraries/pgflibraryplotmarks.co
de.tex
File: pgflibraryplotmarks.code.tex 2021/05/15 v3.1.9a (3.1.9a)
))) (/usr/share/texlive/texmf-dist/tex/latex/circuitikz/circuitikz.sty
Package: circuitikz 2021/12/06{} The CircuiTikz circuit drawing package version
 1.4.5

(/usr/share/texlive/texmf-dist/tex/generic/pgf/libraries/pgflibraryarrows.meta.
code.tex
File: pgflibraryarrows.meta.code.tex 2021/05/15 v3.1.9a (3.1.9a)
\pgfarrowinset=\dimen291
\pgfarrowlength=\dimen292
\pgfarrowwidth=\dimen293
\pgfarrowlinewidth=\dimen294
)
(/usr/share/texlive/texmf-dist/tex/generic/pgf/frontendlayer/tikz/libraries/tik
zlibrarybending.code.tex
File: tikzlibrarybending.code.tex 2021/05/15 v3.1.9a (3.1.9a)

(/usr/share/texlive/texmf-dist/tex/generic/pgf/modules/pgfmodulebending.code.te
x
File: pgfmodulebending.code.tex 2021/05/15 v3.1.9a (3.1.9a)

(/usr/share/texlive/texmf-dist/tex/generic/pgf/modules/pgfmodulenonlineartransf
ormations.code.tex
File: pgfmodulenonlineartransformations.code.tex 2021/05/15 v3.1.9a (3.1.9a)
\pgftransformnonlinearflatness=\dimen295
)
(/usr/share/texlive/texmf-dist/tex/generic/pgf/libraries/pgflibrarycurvilinear.
code.tex
File: pgflibrarycurvilinear.code.tex 2021/05/15 v3.1.9a (3.1.9a)
\pgf@curvilinear@time@a=\dimen296
\pgf@curvilinear@length@a=\dimen297
\pgf@curvilinear@length@b=\dimen298
\pgf@curvilinear@length@c=\dimen299
\pgf@curvilinear@length@d=\dimen300
)
\pgf@arrows@the@rigidity=\dimen301
))
(/usr/share/texlive/texmf-dist/tex/generic/pgf/frontendlayer/tikz/libraries/tik
zlibraryfpu.code.tex)
(/usr/share/texlive/texmf-dist/tex/generic/circuitikz/pgfcirc.defines.tex
\pgf@circ@count@a=\count333
\pgf@circ@count@b=\count334
\pgf@circ@count@c=\count335
\pgf@circ@res@up=\dimen302
\pgf@circ@res@down=\dimen303
\pgf@circ@res@zero=\dimen304
\pgf@circ@res@left=\dimen305
\pgf@circ@res@right=\dimen306
\pgf@circ@res@other=\dimen307
\pgf@circ@res@step=\dimen308
\pgf@circ@res@temp=\dimen309
\pgf@circ@Rlen=\dimen310
\pgf@circ@scaled@Rlen=\dimen311
\pgfstartlinewidth=\dimen312
)
(/usr/share/texlive/texmf-dist/tex/generic/circuitikz/pgfcircutils.tex
\ctikz@scratchbox=\box96
)
(/usr/share/texlive/texmf-dist/tex/generic/circuitikz/pgfcircpath.tex)
(/usr/share/texlive/texmf-dist/tex/generic/circuitikz/pgfcircshapes.tex)
(/usr/share/texlive/texmf-dist/tex/generic/circuitikz/pgfcircmonopoles.tex)
(/usr/share/texlive/texmf-dist/tex/generic/circuitikz/pgfcircbipoles.tex)
(/usr/share/texlive/texmf-dist/tex/generic/circuitikz/pgfcirctripoles.tex
\pgf@circ@res@count=\count336
)
(/usr/share/texlive/texmf-dist/tex/generic/circuitikz/pgfcircquadpoles.tex)
(/usr/share/texlive/texmf-dist/tex/generic/circuitikz/pgfcircmultipoles.tex)
(/usr/share/texlive/texmf-dist/tex/generic/circuitikz/pgfcirclabel.tex)
(/usr/share/texlive/texmf-dist/tex/generic/circuitikz/pgfcircvoltage.tex
\pgfcirc@labelshift=\dimen313
)
(/usr/share/texlive/texmf-dist/tex/generic/circuitikz/pgfcirccurrent.tex)
(/usr/share/texlive/texmf-dist/tex/generic/circuitikz/pgfcircflow.tex))
(/usr/share/texlive/texmf-dist/tex/generic/pgf/frontendlayer/tikz/libraries/cir
cuits/tikzlibrarycircuits.code.tex
(/usr/share/texlive/texmf-dist/tex/generic/pgf/frontendlayer/tikz/libraries/tik
zlibrarydecorations.markings.code.tex
(/usr/share/texlive/texmf-dist/tex/generic/pgf/libraries/decorations/pgflibrary
decorations.markings.code.tex))
\tikz@lib@circ@count=\count337
\tikzcircuitssizeunit=\dimen314
)
(/usr/share/texlive/texmf-dist/tex/generic/pgf/frontendlayer/tikz/libraries/cir
cuits/tikzlibrarycircuits.logic.US.code.tex
(/usr/share/texlive/texmf-dist/tex/generic/pgf/frontendlayer/tikz/libraries/cir
cuits/tikzlibrarycircuits.logic.code.tex)
(/usr/share/texlive/texmf-dist/tex/generic/pgf/libraries/shapes/circuits/pgflib
raryshapes.gates.logic.US.code.tex
(/usr/share/texlive/texmf-dist/tex/generic/pgf/libraries/shapes/circuits/pgflib
raryshapes.gates.logic.code.tex)))
(/usr/share/texlive/texmf-dist/tex/generic/pgf/frontendlayer/tikz/libraries/tik
zlibraryshapes.geometric.code.tex
File: tikzlibraryshapes.geometric.code.tex 2021/05/15 v3.1.9a (3.1.9a)

(/usr/share/texlive/texmf-dist/tex/generic/pgf/libraries/shapes/pgflibraryshape
s.geometric.code.tex
File: pgflibraryshapes.geometric.code.tex 2021/05/15 v3.1.9a (3.1.9a)
)) (/usr/share/texlive/texmf-dist/tex/latex/python.sty
Package: python 2007/06/07 v0.21 Python in LaTeX
\@out=\write8
\@module=\write9
)
(/usr/share/texlive/texmf-dist/tex/latex/graphics/lscape.sty
Package: lscape 2020/05/28 v3.02 Landscape Pages (DPC)
)
(/usr/share/texlive/texmf-dist/tex/latex/mathpartir/mathpartir.sty
Package: mathpartir 2016/02/24 version 1.3.2 Math Paragraph for Typesetting Inf
erence Rules
\mpr@andskip=\skip82
\mpr@lista=\toks52
\mpr@listb=\toks53
\mpr@hlist=\box97
\mpr@vlist=\box98
\mpr@right=\box99
)
(/usr/share/texlive/texmf-dist/tex/generic/ulem/ulem.sty
\UL@box=\box100
\UL@hyphenbox=\box101
\UL@skip=\skip83
\UL@hook=\toks54
\UL@height=\dimen315
\UL@pe=\count338
\UL@pixel=\dimen316
\ULC@box=\box102
Package: ulem 2019/11/18
\ULdepth=\dimen317
)
(/usr/share/texlive/texmf-dist/tex/latex/cancel/cancel.sty
Package: cancel 2013/04/12 v2.2 Cancel math terms
)
(/usr/share/texlive/texmf-dist/tex/latex/comment/comment.sty
\CommentStream=\write10

Excluding comment 'comment')
(/usr/share/texlive/texmf-dist/tex/latex/oberdiek/centernot.sty
Package: centernot 2016/05/16 v1.4 Centers the not symbol horizontally (HO)
)
(/usr/share/texlive/texmf-dist/tex/generic/mleftright/mleftright.sty
Package: mleftright 2019/12/03 v1.2 Math left/right delim. as open/close (HO)
)
(/usr/share/texlive/texmf-dist/tex/latex/tikz-cd/tikz-cd.sty
Package: tikz-cd 2021/05/04 v1.0 Commutative diagrams with TikZ

(/usr/share/texlive/texmf-dist/tex/generic/tikz-cd/tikzlibrarycd.code.tex
(/usr/share/texlive/texmf-dist/tex/generic/pgf/frontendlayer/tikz/libraries/tik
zlibrarymatrix.code.tex
File: tikzlibrarymatrix.code.tex 2021/05/15 v3.1.9a (3.1.9a)
)
(/usr/share/texlive/texmf-dist/tex/generic/pgf/frontendlayer/tikz/libraries/tik
zlibraryquotes.code.tex
File: tikzlibraryquotes.code.tex 2021/05/15 v3.1.9a (3.1.9a)
)))
(/usr/share/texlive/texmf-dist/tex/latex/currfile/currfile.sty
Package: currfile 2020/09/29 v0.7d Provides the file path elements of the curre
nt input file

(/usr/share/texlive/texmf-dist/tex/latex/filehook/filehook.sty
Package: filehook 2020/09/29 v0.8a Hooks for input files

(/usr/share/texlive/texmf-dist/tex/latex/filehook/filehook-2020.sty
Package: filehook-2020 2020/09/29 v0.8a Hooks for input files
))
\c@currfiledepth=\count339
)
(/usr/share/texlive/texmf-dist/tex/latex/pythontex/pythontex.sty
Package: pythontex 2021/06/06 v0.18 execute and typeset Python code and other l
anguages

(/usr/share/texlive/texmf-dist/tex/latex/fvextra/fvextra.sty
Package: fvextra 2019/02/04 v1.4 fvextra - extensions and patches for fancyvrb

(/usr/share/texlive/texmf-dist/tex/latex/lineno/lineno.sty
Package: lineno 2005/11/02 line numbers on paragraphs v4.41
\linenopenalty=\count340
\output=\toks55
\linenoprevgraf=\count341
\linenumbersep=\dimen318
\linenumberwidth=\dimen319
\c@linenumber=\count342
\c@pagewiselinenumber=\count343
\c@LN@truepage=\count344
\c@internallinenumber=\count345
\c@internallinenumbers=\count346
\quotelinenumbersep=\dimen320
\bframerule=\dimen321
\bframesep=\dimen322
\bframebox=\box103
LaTeX Info: Redefining \\ on input line 3056.
)
\c@FV@TrueTabGroupLevel=\count347
\c@FV@TrueTabCounter=\count348
\FV@TabBox@Group=\box104
\FV@TmpLength=\skip84
\c@FV@HighlightLinesStart=\count349
\c@FV@HighlightLinesStop=\count350
\FV@LoopCount=\count351
\FV@NCharsBox=\box105
\FV@BreakIndent=\dimen323
\FV@BreakIndentNChars=\count352
\FV@BreakSymbolSepLeft=\dimen324
\FV@BreakSymbolSepLeftNChars=\count353
\FV@BreakSymbolSepRight=\dimen325
\FV@BreakSymbolSepRightNChars=\count354
\FV@BreakSymbolIndentLeft=\dimen326
\FV@BreakSymbolIndentLeftNChars=\count355
\FV@BreakSymbolIndentRight=\dimen327
\FV@BreakSymbolIndentRightNChars=\count356
\c@FancyVerbLineBreakLast=\count357
\FV@LineBox=\box106
\FV@LineIndentBox=\box107
\FV@LineWidth=\dimen328
)
(/usr/share/texlive/texmf-dist/tex/generic/xstring/xstring.sty
(/usr/share/texlive/texmf-dist/tex/generic/xstring/xstring.tex
\integerpart=\count358
\decimalpart=\count359
)
Package: xstring 2021/07/21 v1.84 String manipulations (CT)
)
(/usr/share/texlive/texmf-dist/tex/latex/pgfopts/pgfopts.sty
Package: pgfopts 2014/07/10 v2.1a LaTeX package options with pgfkeys
\pgfopts@list@add@a@toks=\toks56
\pgfopts@list@add@b@toks=\toks57
)
(/usr/share/texlive/texmf-dist/tex/latex/newfloat/newfloat.sty
Package: newfloat 2019/09/02 v1.1l Defining new floating environments (AR)
)
\pytx@codefile=\write11
\openout11 = `main.pytxcode'.

\c@pytx@FancyVerbLineTemp=\count360
\c@pytx@py@default@default=\count361
\c@pytx@pycon@default@default=\count362
\c@pytx@sympy@default@default=\count363
\c@pytx@sympycon@default@default=\count364
\c@pytx@pylab@default@default=\count365
\c@pytx@pylabcon@default@default=\count366
))
(/usr/share/texlive/texmf-dist/tex/latex/listings/listings.sty
\lst@mode=\count367
\lst@gtempboxa=\box108
\lst@token=\toks58
\lst@length=\count368
\lst@currlwidth=\dimen329
\lst@column=\count369
\lst@pos=\count370
\lst@lostspace=\dimen330
\lst@width=\dimen331
\lst@newlines=\count371
\lst@lineno=\count372
\lst@maxwidth=\dimen332

(/usr/share/texlive/texmf-dist/tex/latex/listings/lstmisc.sty
File: lstmisc.sty 2020/03/24 1.8d (Carsten Heinz)
\c@lstnumber=\count373
\lst@skipnumbers=\count374
\lst@framebox=\box109
)
(/usr/share/texlive/texmf-dist/tex/latex/listings/listings.cfg
File: listings.cfg 2020/03/24 1.8d listings configuration
))
Package: listings 2020/03/24 1.8d (Carsten Heinz)

(/usr/share/texlive/texmf-dist/tex/latex/yliow/mymath.sty)
\c@cor=\count375
\c@prop=\count376
\c@lem=\count377
\c@thm=\count378
\c@defn=\count379
\c@eg=\count380
\c@ex=\count381
\c@soln=\count382
\c@qn=\count383
\c@conjecture=\count384
\c@axiom=\count385
\c@notation=\count386
\c@warning=\count387
\c@rem=\count388

(/usr/share/texlive/texmf-dist/tex/latex/koma-script/scrlayer-scrpage.sty
Package: scrlayer-scrpage 2021/11/13 v3.35 KOMA-Script package (end user interf
ace for scrlayer)

(/usr/share/texlive/texmf-dist/tex/latex/koma-script/scrlayer.sty
Package: scrlayer 2021/11/13 v3.35 KOMA-Script package (defining layers and pag
e styles)
Package scrlayer Info: Using already defined \footheight
(scrlayer)             hoping, that this is a length and
(scrlayer)             not only a macro on input line 136.
Package scrlayer Info: patching LaTeX kernel macro \pagestyle on input line 216
2.
)
Package scrlayer-scrpage Info: Makeing stand-alone element `pagehead' from
(scrlayer-scrpage)             alias to `pageheadfoot' on input line 1085.
Package scrlayer-scrpage Info: deactivating warning for font element
(scrlayer-scrpage)             `pagefoot' on input line 1109.
)
Package scrlayer-scrpage Info: auto-selection of `pagestyleset=KOMA-Script'.

1: section
1: chapter
1: chapter
1: section
(/usr/share/texlive/texmf-dist/tex/latex/yliow/headerfooter.tex

Package scrlayer-scrpage Warning: replacing deprecated \clearscrheadfoot by
(scrlayer-scrpage)                \clearpairofpagestyles on input line 12.

) (/usr/share/texlive/texmf-dist/tex/latex/yliow/myverbatim.tex
(/usr/share/texlive/texmf-dist/tex/latex/atbeginend.sty))
(/usr/share/texlive/texmf-dist/tex/latex/yliow/mylist.tex
\c@myenum@i=\count389
\enitdp@myenum@=\count390
)
(/usr/share/texlive/texmf-dist/tex/latex/yliow/myhyperref.tex

Package hyperref Warning: Option `bookmarks' has already been used,
(hyperref)                setting the option has no effect on input line 25.

Package hyperref Info: Option `unicode' set `false' on input line 25.
Package hyperref Info: Option `pdftoolbar' set `true' on input line 25.
Package hyperref Info: Option `pdfmenubar' set `true' on input line 25.
Package hyperref Info: Option `pdffitwindow' set `false' on input line 25.
Package hyperref Info: Option `pdfnewwindow' set `true' on input line 25.
Package hyperref Info: Option `colorlinks' set `true' on input line 25.
) (/usr/share/texlive/texmf-dist/tex/latex/yliow/mypython.tex
Special comment 'python0')
(/usr/share/texlive/texmf-dist/tex/latex/yliow/typewriter-cmtt.tex)
\c@mylabelcounter=\count391
\c@qc=\count392
\c@tc=\count393
)
(/usr/share/texlive/texmf-dist/tex/latex/tocstyle.sty
Package: tocstyle 2009/11/09 v0.2d-alpha LaTeX2e KOMA-Script package (versatile
 toc styles)


Package tocstyle Warning: THIS IS AN ALPHA VERSION!
(tocstyle)                USAGE OF THIS VERSION IS ON YOUR OWN RISK!
(tocstyle)                EVERYTHING MAY HAPPEN!
(tocstyle)                EVERYTHING MAY CHANGE IN FUTURE!
(tocstyle)                THERE IS NO SUPPORT, IF YOU USE THIS PACKAGE!
(tocstyle)                Maybe it would be better, not to load this package.

\tocstyle@indentstyle=\count394
Package tocstyle Info: no tocstyle.cfg found on input line 838.
)
exclude: 
exclude: 
exclude: 
exclude: 
exclude: 
exclude: 
exclude: 
) (/usr/share/texlive/texmf-dist/tex/latex/yliow/fix-old-font-command.tex
LaTeX Info: Redefining \rm on input line 2.
LaTeX Info: Redefining \sf on input line 3.
LaTeX Info: Redefining \tt on input line 4.
LaTeX Info: Redefining \bf on input line 5.
LaTeX Info: Redefining \it on input line 6.
LaTeX Info: Redefining \sl on input line 7.
LaTeX Info: Redefining \sc on input line 8.
)
\oldparskip=\skip85
)
(/usr/share/texlive/texmf-dist/tex/latex/yliow/author/yliow.tex)
(./thistitle.tex) (./thispackages.tex) (./thismacros.tex)
LaTeX Font Info:    Trying to load font information for OT1+phv on input line 1
5.

(/usr/share/texlive/texmf-dist/tex/latex/psnfss/ot1phv.fd
File: ot1phv.fd 2020/03/25 scalable font definitions for OT1/phv.
) (./main.aux)
\openout1 = `main.aux'.

LaTeX Font Info:    Checking defaults for OML/cmm/m/it on input line 15.
LaTeX Font Info:    ... okay on input line 15.
LaTeX Font Info:    Checking defaults for OMS/cmsy/m/n on input line 15.
LaTeX Font Info:    ... okay on input line 15.
LaTeX Font Info:    Checking defaults for OT1/cmr/m/n on input line 15.
LaTeX Font Info:    ... okay on input line 15.
LaTeX Font Info:    Checking defaults for T1/cmr/m/n on input line 15.
LaTeX Font Info:    ... okay on input line 15.
LaTeX Font Info:    Checking defaults for TS1/cmr/m/n on input line 15.
LaTeX Font Info:    ... okay on input line 15.
LaTeX Font Info:    Checking defaults for OMX/cmex/m/n on input line 15.
LaTeX Font Info:    ... okay on input line 15.
LaTeX Font Info:    Checking defaults for U/cmr/m/n on input line 15.
LaTeX Font Info:    ... okay on input line 15.
LaTeX Font Info:    Checking defaults for PD1/pdf/m/n on input line 15.
LaTeX Font Info:    ... okay on input line 15.
LaTeX Font Info:    Checking defaults for PU/pdf/m/n on input line 15.
LaTeX Font Info:    ... okay on input line 15.
Package scrbase Info: activating english \contentsname on input line 15.
Package scrbase Info: activating english \listfigurename on input line 15.
Package scrbase Info: activating english \listtablename on input line 15.

Couldn't patch \deferred@thm@head!
Package lastpage Info: Please have a look at the pageslts package at
(lastpage)             https://www.ctan.org/pkg/pageslts
(lastpage)             ! on input line 15.
Package hyperref Info: Link coloring ON on input line 15.
(/usr/share/texlive/texmf-dist/tex/latex/hyperref/nameref.sty
Package: nameref 2021-04-02 v2.47 Cross-referencing by name of section

(/usr/share/texlive/texmf-dist/tex/latex/refcount/refcount.sty
Package: refcount 2019/12/15 v3.6 Data extraction from label references (HO)
)
(/usr/share/texlive/texmf-dist/tex/generic/gettitlestring/gettitlestring.sty
Package: gettitlestring 2019/12/15 v1.6 Cleanup title references (HO)
)
\c@section@level=\count395
)
LaTeX Info: Redefining \ref on input line 15.
LaTeX Info: Redefining \pageref on input line 15.
LaTeX Info: Redefining \nameref on input line 15.

(./main.out) (./main.out)
\@outlinefile=\write12
\openout12 = `main.out'.

Class scrbook Info: loading recommended package `bookmark'.
(scrbook)           Using `bookmark' together with `hyperref' is recommended,
(scrbook)           because of handling of possible bookmark level gaps.
(scrbook)           You can avoid loading `bookmark' with KOMA-Script option
(scrbook)           `bookmarkpackage=false' before \begin{document} and
(scrbook)           you can avoid this message adding:
(scrbook)             \usepackage{bookmark}
(scrbook)           before \begin{document} on input line 15.

(/usr/share/texlive/texmf-dist/tex/latex/bookmark/bookmark.sty
Package: bookmark 2020-11-06 v1.29 PDF bookmarks (HO)

(/usr/share/texlive/texmf-dist/tex/latex/bookmark/bkm-pdftex.def
File: bkm-pdftex.def 2020-11-06 v1.29 bookmark driver for pdfTeX (HO)
\BKM@id=\count396
))
(/usr/share/texlive/texmf-dist/tex/context/base/mkii/supp-pdf.mkii
[Loading MPS to PDF converter (version 2006.09.02).]
\scratchcounter=\count397
\scratchdimen=\dimen333
\scratchbox=\box110
\nofMPsegments=\count398
\nofMParguments=\count399
\everyMPshowfont=\toks59
\MPscratchCnt=\count400
\MPscratchDim=\dimen334
\MPnumerator=\count401
\makeMPintoPDFobject=\count402
\everyMPtoPDFconversion=\toks60
) (/usr/share/texlive/texmf-dist/tex/latex/epstopdf-pkg/epstopdf-base.sty
Package: epstopdf-base 2020-01-24 v2.11 Base part for package epstopdf
Package epstopdf-base Info: Redefining graphics rule for `.eps' on input line 4
85.

(/usr/share/texlive/texmf-dist/tex/latex/latexconfig/epstopdf-sys.cfg
File: epstopdf-sys.cfg 2010/07/13 v1.3 Configuration of (r)epstopdf for TeX Liv
e
))
(./pythontex-files-main/main.pytxmcr)
Package newfloat Info: New float `listing' with options `fileext=lopytx' on inp
ut line 15.
\c@listing=\count403
\newfloat@ftype=\count404
Package newfloat Info: float type `listing'=8 on input line 15.
Package tocbasic Info: babel extension for `lopytx' omitted
(tocbasic)             because of missing \bbl@set@language on input line 15.

(/usr/share/texlive/texmf-dist/tex/latex/base/textcomp.sty
Package: textcomp 2020/02/02 v2.0n Standard LaTeX package
)
\c@lstlisting=\count405
Package tocstyle Info: prepare \l@part for redefinition on input line 15.
Package tocstyle Info: prepare \l@chapter for redefinition on input line 15.
Package tocstyle Info: prepare \l@section for redefinition on input line 15.
LaTeX Font Info:    Trying to load font information for U+msa on input line 15.


(/usr/share/texlive/texmf-dist/tex/latex/amsfonts/umsa.fd
File: umsa.fd 2013/01/14 v3.01 AMS symbols A
)
LaTeX Font Info:    Trying to load font information for U+msb on input line 15.


(/usr/share/texlive/texmf-dist/tex/latex/amsfonts/umsb.fd
File: umsb.fd 2013/01/14 v3.01 AMS symbols B
)
Package tocstyle Info: prepare \l@subsection for redefinition on input line 15.

Package tocstyle Info: prepare \l@table for redefinition on input line 15.
Package tocstyle Info: prepare \l@figure for redefinition on input line 15.


Package tocstyle Warning: unexpected \@dottedtocline definition!
(tocstyle)                You are either using an unknown LaTeX kernel
(tocstyle)                version, an unknown class or package, that redefines
(tocstyle)                \@dottedtocline, or a \@dottedtocline redefinition
(tocstyle)                at the document preamble.
(tocstyle)                Because of this you may get unexpected results!
(tocstyle)                Maybe it would be better not to use package tocstyle.


Package tocstyle Info: Unexpected definition is:
(tocstyle)             macro:#1#2#3#4#5->\ifnum #1>\c@tocdepth \else \vskip \z@
 \@plus .2\p@ {\leftskip #2\relax \rightskip \@tocrmarg \parfillskip -\rightski
p \parindent #2\relax \@afterindenttrue \interlinepenalty \@M \leavevmode \@tem
pdima #3\relax \advance \leftskip \@tempdima \null \nobreak \hskip -\leftskip {
#4}\nobreak \leaders \hbox {$\m@th \mkern \@dotsep mu\hbox {.}\mkern \@dotsep m
u$}\hfill \nobreak \hb@xt@ \@pnumwidth {\hfil \normalfont \normalcolor #5\kern 
-\p@ \kern \p@ }\par }\fi  on input line 15.
(./pythontex-files-main/main.pytxpyg)
(/usr/share/texlive/texmf-dist/tex/latex/yliow/myhyperref.tex

Package hyperref Warning: Option `bookmarks' has already been used,
(hyperref)                setting the option has no effect on input line 25.

Package hyperref Info: Option `unicode' set `false' on input line 25.

Package hyperref Warning: Option `pdftoolbar' has already been used,
(hyperref)                setting the option has no effect on input line 25.


Package hyperref Warning: Option `pdfmenubar' has already been used,
(hyperref)                setting the option has no effect on input line 25.


Package hyperref Warning: Option `pdffitwindow' has already been used,
(hyperref)                setting the option has no effect on input line 25.


Package hyperref Warning: Option `pdfstartview' has already been used,
(hyperref)                setting the option has no effect on input line 25.

Package hyperref Info: Option `pdfnewwindow' set `true' on input line 25.

Package hyperref Warning: Option `colorlinks' has already been used,
(hyperref)                setting the option has no effect on input line 25.

)

LaTeX Font Warning: Font shape `OT1/cmss/bx/sc' undefined
(Font)              using `OT1/cmss/bx/n' instead on input line 16.


LaTeX Font Warning: Font shape `OT1/cmtt/bx/sc' undefined
(Font)              using `OT1/cmtt/bx/n' instead on input line 16.

[1



{/var/lib/texmf/fonts/map/pdftex/updmap/pdftex.map}] (./main.toc
number indent by \l@... (toc, 0):  0.0pt
text indent by \l@... (toc, 0):  18.0pt
number indent by parent (toc, 0):  0.0pt
text indent calculated (toc, 0): 13.20007pt
number indent calculated (toc, 0): 0.0pt
number indent by \l@... (toc, 1):  18.0pt
text indent by \l@... (toc, 1):  27.60004pt
number indent by parent (toc, 1):  13.20007pt
text indent calculated (toc, 1): 22.67972pt
number indent calculated (toc, 1): 13.20007pt
number indent by \l@... (toc, 1):  18.0pt
text indent by \l@... (toc, 1):  27.60004pt
number indent by parent (toc, 1):  13.20007pt
text indent calculated (toc, 1): 22.67972pt
number indent calculated (toc, 1): 13.20007pt
number indent by \l@... (toc, 1):  18.0pt
text indent by \l@... (toc, 1):  27.60004pt
number indent by parent (toc, 1):  13.20007pt
text indent calculated (toc, 1): 22.67972pt
number indent calculated (toc, 1): 13.20007pt
number indent by \l@... (toc, 1):  18.0pt
text indent by \l@... (toc, 1):  27.60004pt
number indent by parent (toc, 1):  13.20007pt
text indent calculated (toc, 1): 22.67972pt
number indent calculated (toc, 1): 13.20007pt
number indent by \l@... (toc, 1):  18.0pt
text indent by \l@... (toc, 1):  27.60004pt
number indent by parent (toc, 1):  13.20007pt
text indent calculated (toc, 1): 22.67972pt
number indent calculated (toc, 1): 13.20007pt
number indent by \l@... (toc, 1):  18.0pt
text indent by \l@... (toc, 1):  27.60004pt
number indent by parent (toc, 1):  13.20007pt
text indent calculated (toc, 1): 22.67972pt
number indent calculated (toc, 1): 13.20007pt
)
\tf@toc=\write13
\openout13 = `main.toc'.

 [2

]) (./chap.tex
chapter 1.

Class scrbook Warning: \float@addtolists detected!
(scrbook)              Implementation of \float@addtolist became
(scrbook)              deprecated in KOMA-Script v3.01 2008/11/14 and
(scrbook)              has been replaced by several more flexible
(scrbook)              features of package `tocbasic`.
(scrbook)              Since Version 3.12 support for deprecated
(scrbook)              \float@addtolist interface has been
(scrbook)              restricted to only some of the KOMA-Script
(scrbook)              features and been removed from others.
(scrbook)              Loading of package `scrhack' may help to
(scrbook)              avoid this warning, if you are using a
(scrbook)              a package that still implements the
(scrbook)              deprecated \float@addtolist interface.

Package marginnote Info: Margin note 3.1 is on absolute page 3 on input line 8.

Package marginnote Info: right page because not two side mode on input line 8.
Package marginnote Info: xpos seems to be 143.16519pt on input line 8.
(./hello-world.tex [0

]
Package marginnote Info: Using workaround for absolute page number on input lin
e 2.
 (./solutions.tex) Processing 'python0' comment.
\openout10 = `comment.cut'.


Comment 'python0' writing to comment.cut.
runsystem(python comment.cut > comment.out 2> comment.err)...executed.


Underfull \hbox (badness 10000) in paragraph at lines 8--19

 []

LaTeX Font Info:    Font shape `OT1/phv/m/it' in size <12> not available
(Font)              Font shape `OT1/phv/m/sl' tried instead on input line 21.

Underfull \hbox (badness 10000) in paragraph at lines 29--41

 []


Underfull \hbox (badness 10000) in paragraph at lines 59--70

 []


LaTeX Font Warning: Font shape `OT1/phv/m/scsl' undefined
(Font)              using `OT1/phv/m/sc' instead on input line 70.


LaTeX Font Warning: Font shape `OT1/phv/m/scsl' undefined
(Font)              using `OT1/phv/m/sc' instead on input line 70.


LaTeX Font Warning: Font shape `OT1/phv/m/scsl' undefined
(Font)              using `OT1/phv/m/sc' instead on input line 70.


LaTeX Font Warning: Font shape `OT1/phv/m/scsl' undefined
(Font)              using `OT1/phv/m/sc' instead on input line 70.

pdfTeX warning (ext4): destination with the same identifier (name{page.1}) has 
been already used, duplicate ignored
<to be read again> 
                   \relax 
l.70 
      [1] (./exercises/240-0001/main.tex (./exercises/240-0001/question.tex
Package marginnote Info: Margin note 6.1 is on absolute page 6 on input line 2.

Package marginnote Info: right page because not two side mode on input line 2.
Package marginnote Info: xpos seems to be 159.6366pt on input line 2.
)

LaTeX Warning: Hyper reference `sol:240-0001' on page 2 undefined on input line
 5.


LaTeX Warning: Reference `sol:240-0001' on page 2 undefined on input line 5.

Processing 'python0' comment.
\openout10 = `comment.cut'.

 Comment 'python0' writing to comment.cut.
runsystem(python comment.cut > comment.out 2> comment.err)...executed.

)
(./exercises/240-0002/main.tex (./exercises/240-0002/question.tex
Package marginnote Info: Margin note 6.2 is on absolute page 6 on input line 2.

Package marginnote Info: right page because not two side mode on input line 2.
Package marginnote Info: xpos seems to be 158.75496pt on input line 2.
)

LaTeX Warning: Hyper reference `sol:240-0002' on page 2 undefined on input line
 5.


LaTeX Warning: Reference `sol:240-0002' on page 2 undefined on input line 5.

Processing 'python0' comment.
\openout10 = `comment.cut'.

 Comment 'python0' writing to comment.cut.
runsystem(python comment.cut > comment.out 2> comment.err)...executed.

)
(./exercises/240-0003/main.tex (./exercises/240-0003/question.tex
Package marginnote Info: Margin note 6.3 is on absolute page 6 on input line 2.

Package marginnote Info: right page because not two side mode on input line 2.
Package marginnote Info: xpos seems to be 160.06218pt on input line 2.
)

LaTeX Warning: Hyper reference `sol:240-0003' on page 2 undefined on input line
 5.


LaTeX Warning: Reference `sol:240-0003' on page 2 undefined on input line 5.

Processing 'python0' comment.
\openout10 = `comment.cut'.

 Comment 'python0' writing to comment.cut.
runsystem(python comment.cut > comment.out 2> comment.err)...executed.

))
(./statement.tex

LaTeX Font Warning: Font shape `OT1/phv/m/scsl' undefined
(Font)              using `OT1/phv/m/sc' instead on input line 2.


LaTeX Font Warning: Font shape `OT1/phv/m/scsl' undefined
(Font)              using `OT1/phv/m/sc' instead on input line 2.


LaTeX Font Warning: Font shape `OT1/phv/m/scsl' undefined
(Font)              using `OT1/phv/m/sc' instead on input line 2.


LaTeX Font Warning: Font shape `OT1/phv/m/scsl' undefined
(Font)              using `OT1/phv/m/sc' instead on input line 2.

pdfTeX warning (ext4): destination with the same identifier (name{page.2}) has 
been already used, duplicate ignored
<to be read again> 
                   \relax 
l.2 \sectionthree{Statement}
                             [2] (./solutions.tex)
Processing 'python0' comment.
\openout10 = `comment.cut'.

 Comment 'python0' writing to comment.cut.
runsystem(python comment.cut > comment.out 2> comment.err)...executed.


Underfull \hbox (badness 10000) in paragraph at lines 7--18

 []

(./exercises/240-0004/main.tex (./exercises/240-0004/question.tex
Package marginnote Info: Margin note 7.1 is on absolute page 7 on input line 2.

Package marginnote Info: right page because not two side mode on input line 2.
Package marginnote Info: xpos seems to be 158.69325pt on input line 2.
)

LaTeX Warning: Hyper reference `sol:240-0004' on page 3 undefined on input line
 5.


LaTeX Warning: Reference `sol:240-0004' on page 3 undefined on input line 5.

Processing 'python0' comment.
\openout10 = `comment.cut'.

 Comment 'python0' writing to comment.cut.
runsystem(python comment.cut > comment.out 2> comment.err)...executed.

)
(./exercises/240-0005/main.tex (./exercises/240-0005/question.tex
Package marginnote Info: Margin note 7.2 is on absolute page 7 on input line 2.

Package marginnote Info: right page because not two side mode on input line 2.
Package marginnote Info: xpos seems to be 159.6366pt on input line 2.
)

LaTeX Warning: Hyper reference `sol:240-0005' on page 3 undefined on input line
 5.


LaTeX Warning: Reference `sol:240-0005' on page 3 undefined on input line 5.


LaTeX Font Warning: Font shape `OT1/phv/m/scsl' undefined
(Font)              using `OT1/phv/m/sc' instead on input line 7.


LaTeX Font Warning: Font shape `OT1/phv/m/scsl' undefined
(Font)              using `OT1/phv/m/sc' instead on input line 7.


LaTeX Font Warning: Font shape `OT1/phv/m/scsl' undefined
(Font)              using `OT1/phv/m/sc' instead on input line 7.


LaTeX Font Warning: Font shape `OT1/phv/m/scsl' undefined
(Font)              using `OT1/phv/m/sc' instead on input line 7.

[3] Processing 'python0' comment.
\openout10 = `comment.cut'.

 Comment 'python0' writing to comment.cut.
runsystem(python comment.cut > comment.out 2> comment.err)...executed.

)
LaTeX Font Info:    Font shape `OT1/phv/m/it' in size <17.28> not available
(Font)              Font shape `OT1/phv/m/sl' tried instead on input line 44.
LaTeX Font Info:    Font shape `OT1/phv/b/it' in size <17.28> not available
(Font)              Font shape `OT1/phv/b/sl' tried instead on input line 44.

(./exercises/240-0006/main.tex (./exercises/240-0006/question.tex
Package marginnote Info: Margin note 8.1 is on absolute page 8 on input line 2.

Package marginnote Info: right page because not two side mode on input line 2.
Package marginnote Info: xpos seems to be 161.08627pt on input line 2.
)

LaTeX Warning: Hyper reference `sol:240-0006' on page 4 undefined on input line
 5.


LaTeX Warning: Reference `sol:240-0006' on page 4 undefined on input line 5.

Processing 'python0' comment.
\openout10 = `comment.cut'.

 Comment 'python0' writing to comment.cut.
runsystem(python comment.cut > comment.out 2> comment.err)...executed.

))
(./c-strings.tex

LaTeX Font Warning: Font shape `OT1/phv/m/scsl' undefined
(Font)              using `OT1/phv/m/sc' instead on input line 2.


LaTeX Font Warning: Font shape `OT1/phv/m/scsl' undefined
(Font)              using `OT1/phv/m/sc' instead on input line 2.


LaTeX Font Warning: Font shape `OT1/phv/m/scsl' undefined
(Font)              using `OT1/phv/m/sc' instead on input line 2.


LaTeX Font Warning: Font shape `OT1/phv/m/scsl' undefined
(Font)              using `OT1/phv/m/sc' instead on input line 2.

[4] (./solutions.tex) Processing 'python0' comment.
\openout10 = `comment.cut'.


Comment 'python0' writing to comment.cut.
runsystem(python comment.cut > comment.out 2> comment.err)...executed.

LaTeX Font Info:    Font shape `OT1/phv/b/it' in size <12> not available
(Font)              Font shape `OT1/phv/b/sl' tried instead on input line 24.
 (./exercises/240-0007/main.tex
(./exercises/240-0007/question.tex
Package marginnote Info: Margin note 9.1 is on absolute page 9 on input line 2.

Package marginnote Info: right page because not two side mode on input line 2.
Package marginnote Info: xpos seems to be 159.6366pt on input line 2.
)

LaTeX Warning: Hyper reference `sol:240-0007' on page 5 undefined on input line
 5.


LaTeX Warning: Reference `sol:240-0007' on page 5 undefined on input line 5.

Processing 'python0' comment.
\openout10 = `comment.cut'.

 Comment 'python0' writing to comment.cut.
runsystem(python comment.cut > comment.out 2> comment.err)...executed.

)

LaTeX Font Warning: Font shape `OT1/phv/m/scsl' undefined
(Font)              using `OT1/phv/m/sc' instead on input line 54.


LaTeX Font Warning: Font shape `OT1/phv/m/scsl' undefined
(Font)              using `OT1/phv/m/sc' instead on input line 54.


LaTeX Font Warning: Font shape `OT1/phv/m/scsl' undefined
(Font)              using `OT1/phv/m/sc' instead on input line 54.


LaTeX Font Warning: Font shape `OT1/phv/m/scsl' undefined
(Font)              using `OT1/phv/m/sc' instead on input line 54.

[5] (./exercises/240-0008/main.tex (./exercises/240-0008/question.tex
Package marginnote Info: Margin note 10.1 is on absolute page 10 on input line 
2.
Package marginnote Info: right page because not two side mode on input line 2.
Package marginnote Info: xpos seems to be 159.6366pt on input line 2.
)

LaTeX Warning: Hyper reference `sol:240-0008' on page 6 undefined on input line
 5.


LaTeX Warning: Reference `sol:240-0008' on page 6 undefined on input line 5.

Processing 'python0' comment.
\openout10 = `comment.cut'.

 Comment 'python0' writing to comment.cut.
runsystem(python comment.cut > comment.out 2> comment.err)...executed.

)
(./exercises/240-0009/main.tex (./exercises/240-0009/question.tex
Package marginnote Info: Margin note 10.2 is on absolute page 10 on input line 
2.
Package marginnote Info: right page because not two side mode on input line 2.
Package marginnote Info: xpos seems to be 158.59607pt on input line 2.
)

LaTeX Warning: Hyper reference `sol:240-0009' on page 6 undefined on input line
 5.


LaTeX Warning: Reference `sol:240-0009' on page 6 undefined on input line 5.

Processing 'python0' comment.
\openout10 = `comment.cut'.

 Comment 'python0' writing to comment.cut.
runsystem(python comment.cut > comment.out 2> comment.err)...executed.

)
(./exercises/240-0010/main.tex (./exercises/240-0010/question.tex
Package marginnote Info: Margin note 10.3 is on absolute page 10 on input line 
2.
Package marginnote Info: right page because not two side mode on input line 2.
Package marginnote Info: xpos seems to be 162.31728pt on input line 2.


LaTeX Font Warning: Font shape `OT1/phv/m/scsl' undefined
(Font)              using `OT1/phv/m/sc' instead on input line 9.


LaTeX Font Warning: Font shape `OT1/phv/m/scsl' undefined
(Font)              using `OT1/phv/m/sc' instead on input line 9.


LaTeX Font Warning: Font shape `OT1/phv/m/scsl' undefined
(Font)              using `OT1/phv/m/sc' instead on input line 9.


LaTeX Font Warning: Font shape `OT1/phv/m/scsl' undefined
(Font)              using `OT1/phv/m/sc' instead on input line 9.

[6])

LaTeX Warning: Hyper reference `sol:240-0010' on page 7 undefined on input line
 5.


LaTeX Warning: Reference `sol:240-0010' on page 7 undefined on input line 5.

Processing 'python0' comment.
\openout10 = `comment.cut'.

 Comment 'python0' writing to comment.cut.
runsystem(python comment.cut > comment.out 2> comment.err)...executed.

))
(./case-sensitivity.tex

LaTeX Font Warning: Font shape `OT1/phv/m/scsl' undefined
(Font)              using `OT1/phv/m/sc' instead on input line 2.


LaTeX Font Warning: Font shape `OT1/phv/m/scsl' undefined
(Font)              using `OT1/phv/m/sc' instead on input line 2.


LaTeX Font Warning: Font shape `OT1/phv/m/scsl' undefined
(Font)              using `OT1/phv/m/sc' instead on input line 2.


LaTeX Font Warning: Font shape `OT1/phv/m/scsl' undefined
(Font)              using `OT1/phv/m/sc' instead on input line 2.

[7] (./solutions.tex) Processing 'python0' comment.
\openout10 = `comment.cut'.


Comment 'python0' writing to comment.cut.
runsystem(python comment.cut > comment.out 2> comment.err)...executed.

 (./exercises/240-0011/main.tex
(./exercises/240-0011/question.tex
Package marginnote Info: Margin note 12.1 is on absolute page 12 on input line 
2.
Package marginnote Info: right page because not two side mode on input line 2.
Package marginnote Info: xpos seems to be 159.6366pt on input line 2.
)

LaTeX Warning: Hyper reference `sol:240-0011' on page 8 undefined on input line
 5.


LaTeX Warning: Reference `sol:240-0011' on page 8 undefined on input line 5.

Processing 'python0' comment.
\openout10 = `comment.cut'.

 Comment 'python0' writing to comment.cut.
runsystem(python comment.cut > comment.out 2> comment.err)...executed.

)
(./exercises/240-0012/main.tex (./exercises/240-0012/question.tex
Package marginnote Info: Margin note 12.2 is on absolute page 12 on input line 
2.
Package marginnote Info: right page because not two side mode on input line 2.
Package marginnote Info: xpos seems to be 159.43774pt on input line 2.
)

LaTeX Warning: Hyper reference `sol:240-0012' on page 8 undefined on input line
 5.


LaTeX Warning: Reference `sol:240-0012' on page 8 undefined on input line 5.

Processing 'python0' comment.
\openout10 = `comment.cut'.

 Comment 'python0' writing to comment.cut.
runsystem(python comment.cut > comment.out 2> comment.err)...executed.

))
(./whitespaces.tex

LaTeX Font Warning: Font shape `OT1/phv/m/scsl' undefined
(Font)              using `OT1/phv/m/sc' instead on input line 2.


LaTeX Font Warning: Font shape `OT1/phv/m/scsl' undefined
(Font)              using `OT1/phv/m/sc' instead on input line 2.


LaTeX Font Warning: Font shape `OT1/phv/m/scsl' undefined
(Font)              using `OT1/phv/m/sc' instead on input line 2.


LaTeX Font Warning: Font shape `OT1/phv/m/scsl' undefined
(Font)              using `OT1/phv/m/sc' instead on input line 2.

[8] (./solutions.tex) Processing 'python0' comment.
\openout10 = `comment.cut'.


Comment 'python0' writing to comment.cut.
runsystem(python comment.cut > comment.out 2> comment.err)...executed.

 (./exercises/240-0013/main.tex
(./exercises/240-0013/question.tex
Package marginnote Info: Margin note 13.1 is on absolute page 13 on input line 
2.
Package marginnote Info: right page because not two side mode on input line 2.
Package marginnote Info: xpos seems to be 159.6366pt on input line 2.
)

LaTeX Warning: Hyper reference `sol:240-0013' on page 9 undefined on input line
 5.


LaTeX Warning: Reference `sol:240-0013' on page 9 undefined on input line 5.

Processing 'python0' comment.
\openout10 = `comment.cut'.

 Comment 'python0' writing to comment.cut.
runsystem(python comment.cut > comment.out 2> comment.err)...executed.

)
(./exercises/240-0014/main.tex (./exercises/240-0014/question.tex
Package marginnote Info: Margin note 13.2 is on absolute page 13 on input line 
2.
Package marginnote Info: right page because not two side mode on input line 2.
Package marginnote Info: xpos seems to be 159.6366pt on input line 2.
)

LaTeX Warning: Hyper reference `sol:240-0014' on page 9 undefined on input line
 5.


LaTeX Warning: Reference `sol:240-0014' on page 9 undefined on input line 5.

Processing 'python0' comment.
\openout10 = `comment.cut'.

 Comment 'python0' writing to comment.cut.
runsystem(python comment.cut > comment.out 2> comment.err)...executed.

)
LaTeX Font Info:    Trying to load font information for OMS+cmtt on input line 
24.
LaTeX Font Info:    No file OMScmtt.fd. on input line 24.


LaTeX Font Warning: Font shape `OMS/cmtt/m/n' undefined
(Font)              using `OMS/cmsy/m/n' instead
(Font)              for symbol `textbraceleft' on input line 24.

(./exercises/240-0015/main.tex

LaTeX Font Warning: Font shape `OT1/phv/m/scsl' undefined
(Font)              using `OT1/phv/m/sc' instead on input line 3.


LaTeX Font Warning: Font shape `OT1/phv/m/scsl' undefined
(Font)              using `OT1/phv/m/sc' instead on input line 3.


LaTeX Font Warning: Font shape `OT1/phv/m/scsl' undefined
(Font)              using `OT1/phv/m/sc' instead on input line 3.


LaTeX Font Warning: Font shape `OT1/phv/m/scsl' undefined
(Font)              using `OT1/phv/m/sc' instead on input line 3.

[9] (./exercises/240-0015/question.tex
Package marginnote Info: Margin note 14.1 is on absolute page 14 on input line 
2.
Package marginnote Info: right page because not two side mode on input line 2.
Package marginnote Info: xpos seems to be 159.6366pt on input line 2.
)

LaTeX Warning: Hyper reference `sol:240-0015' on page 10 undefined on input lin
e 5.


LaTeX Warning: Reference `sol:240-0015' on page 10 undefined on input line 5.

Processing 'python0' comment.
\openout10 = `comment.cut'.

 Comment 'python0' writing to comment.cut.
runsystem(python comment.cut > comment.out 2> comment.err)...executed.

)
(./exercises/240-0017/main.tex (./exercises/240-0017/question.tex
Package marginnote Info: Margin note 14.2 is on absolute page 14 on input line 
2.
Package marginnote Info: right page because not two side mode on input line 2.
Package marginnote Info: xpos seems to be 159.6366pt on input line 2.
)

LaTeX Warning: Hyper reference `sol:240-0017' on page 10 undefined on input lin
e 5.


LaTeX Warning: Reference `sol:240-0017' on page 10 undefined on input line 5.

Processing 'python0' comment.
\openout10 = `comment.cut'.

 Comment 'python0' writing to comment.cut.
runsystem(python comment.cut > comment.out 2> comment.err)...executed.

)
Underfull \hbox (badness 10000) in paragraph at lines 35--46

 []


LaTeX Font Warning: Font shape `OT1/phv/m/scsl' undefined
(Font)              using `OT1/phv/m/sc' instead on input line 46.


LaTeX Font Warning: Font shape `OT1/phv/m/scsl' undefined
(Font)              using `OT1/phv/m/sc' instead on input line 46.


LaTeX Font Warning: Font shape `OT1/phv/m/scsl' undefined
(Font)              using `OT1/phv/m/sc' instead on input line 46.


LaTeX Font Warning: Font shape `OT1/phv/m/scsl' undefined
(Font)              using `OT1/phv/m/sc' instead on input line 46.

[10]
Underfull \hbox (badness 10000) in paragraph at lines 54--101

 []


LaTeX Font Warning: Font shape `OT1/phv/m/scsl' undefined
(Font)              using `OT1/phv/m/sc' instead on input line 101.


LaTeX Font Warning: Font shape `OT1/phv/m/scsl' undefined
(Font)              using `OT1/phv/m/sc' instead on input line 101.


LaTeX Font Warning: Font shape `OT1/phv/m/scsl' undefined
(Font)              using `OT1/phv/m/sc' instead on input line 101.


LaTeX Font Warning: Font shape `OT1/phv/m/scsl' undefined
(Font)              using `OT1/phv/m/sc' instead on input line 101.

[11]) (./nasser.tex

LaTeX Font Warning: Font shape `OT1/phv/m/scsl' undefined
(Font)              using `OT1/phv/m/sc' instead on input line 1.


LaTeX Font Warning: Font shape `OT1/phv/m/scsl' undefined
(Font)              using `OT1/phv/m/sc' instead on input line 1.


LaTeX Font Warning: Font shape `OT1/phv/m/scsl' undefined
(Font)              using `OT1/phv/m/sc' instead on input line 1.


LaTeX Font Warning: Font shape `OT1/phv/m/scsl' undefined
(Font)              using `OT1/phv/m/sc' instead on input line 1.

[12]
Missing character: There is no ( in font nullfont!
Missing character: There is no [ in font nullfont!
Missing character: There is no x in font nullfont!
Missing character: There is no s in font nullfont!
Missing character: There is no h in font nullfont!
Missing character: There is no i in font nullfont!
Missing character: There is no f in font nullfont!
Missing character: There is no t in font nullfont!
Missing character: There is no = in font nullfont!
Missing character: There is no 0 in font nullfont!
Missing character: There is no . in font nullfont!
Missing character: There is no 5 in font nullfont!
Missing character: There is no ] in font nullfont!
Missing character: There is no f in font nullfont!
Missing character: There is no . in font nullfont!
Missing character: There is no c in font nullfont!
Missing character: There is no e in font nullfont!
Missing character: There is no n in font nullfont!
Missing character: There is no t in font nullfont!
Missing character: There is no e in font nullfont!
Missing character: There is no r in font nullfont!
Missing character: There is no ) in font nullfont!
Missing character: There is no [ in font nullfont!
Missing character: There is no d in font nullfont!
Missing character: There is no r in font nullfont!
Missing character: There is no a in font nullfont!
Missing character: There is no w in font nullfont!
Missing character: There is no ] in font nullfont!
Missing character: There is no ( in font nullfont!
Missing character: There is no [ in font nullfont!
Missing character: There is no x in font nullfont!
Missing character: There is no s in font nullfont!
Missing character: There is no h in font nullfont!
Missing character: There is no i in font nullfont!
Missing character: There is no f in font nullfont!
Missing character: There is no t in font nullfont!
Missing character: There is no = in font nullfont!
Missing character: There is no 0 in font nullfont!
Missing character: There is no . in font nullfont!
Missing character: There is no 5 in font nullfont!
Missing character: There is no ] in font nullfont!
Missing character: There is no c in font nullfont!
Missing character: There is no . in font nullfont!
Missing character: There is no c in font nullfont!
Missing character: There is no e in font nullfont!
Missing character: There is no n in font nullfont!
Missing character: There is no t in font nullfont!
Missing character: There is no e in font nullfont!
Missing character: There is no r in font nullfont!
Missing character: There is no ) in font nullfont!
Missing character: There is no [ in font nullfont!
Missing character: There is no d in font nullfont!
Missing character: There is no r in font nullfont!
Missing character: There is no a in font nullfont!
Missing character: There is no w in font nullfont!
Missing character: There is no ] in font nullfont!
Missing character: There is no ( in font nullfont!
Missing character: There is no [ in font nullfont!
Missing character: There is no x in font nullfont!
Missing character: There is no s in font nullfont!
Missing character: There is no h in font nullfont!
Missing character: There is no i in font nullfont!
Missing character: There is no f in font nullfont!
Missing character: There is no t in font nullfont!
Missing character: There is no = in font nullfont!
Missing character: There is no 0 in font nullfont!
Missing character: There is no . in font nullfont!
Missing character: There is no 5 in font nullfont!
Missing character: There is no ] in font nullfont!
Missing character: There is no t in font nullfont!
Missing character: There is no . in font nullfont!
Missing character: There is no c in font nullfont!
Missing character: There is no e in font nullfont!
Missing character: There is no n in font nullfont!
Missing character: There is no t in font nullfont!
Missing character: There is no e in font nullfont!
Missing character: There is no r in font nullfont!
Missing character: There is no ) in font nullfont!
Missing character: There is no [ in font nullfont!
Missing character: There is no d in font nullfont!
Missing character: There is no r in font nullfont!
Missing character: There is no a in font nullfont!
Missing character: There is no w in font nullfont!
Missing character: There is no ] in font nullfont!
Missing character: There is no ( in font nullfont!
Missing character: There is no [ in font nullfont!
Missing character: There is no x in font nullfont!
Missing character: There is no s in font nullfont!
Missing character: There is no h in font nullfont!
Missing character: There is no i in font nullfont!
Missing character: There is no f in font nullfont!
Missing character: There is no t in font nullfont!
Missing character: There is no = in font nullfont!
Missing character: There is no 0 in font nullfont!
Missing character: There is no . in font nullfont!
Missing character: There is no 5 in font nullfont!
Missing character: There is no ] in font nullfont!
Missing character: There is no s in font nullfont!
Missing character: There is no . in font nullfont!
Missing character: There is no c in font nullfont!
Missing character: There is no e in font nullfont!
Missing character: There is no n in font nullfont!
Missing character: There is no t in font nullfont!
Missing character: There is no e in font nullfont!
Missing character: There is no r in font nullfont!
Missing character: There is no ) in font nullfont!
Missing character: There is no [ in font nullfont!
Missing character: There is no d in font nullfont!
Missing character: There is no r in font nullfont!
Missing character: There is no a in font nullfont!
Missing character: There is no w in font nullfont!
Missing character: There is no ] in font nullfont!
) Processing 'python0' comment.
\openout10 = `comment.cut'.

 Comment 'python0' writing to comment.cut.
runsystem(python comment.cut > comment.out 2> comment.err)...executed.

\openout8 = `main.py'.

\openout9 = `latex.py'.

runsystem(cat  main.py | python > main.py.out 2> main.py.err)...executed.


(./main.py.out) (./solutions.tex) Processing 'python0' comment.
\openout10 = `comment.cut'.


Comment 'python0' writing to comment.cut.
runsystem(python comment.cut > comment.out 2> comment.err)...executed.

) (./thispostamble.tex (./main.ind)

AED: lastpage setting LastPage

LaTeX Font Warning: Font shape `OT1/phv/m/scsl' undefined
(Font)              using `OT1/phv/m/sc' instead on input line 2.


LaTeX Font Warning: Font shape `OT1/phv/m/scsl' undefined
(Font)              using `OT1/phv/m/sc' instead on input line 2.


LaTeX Font Warning: Font shape `OT1/phv/m/scsl' undefined
(Font)              using `OT1/phv/m/sc' instead on input line 2.


LaTeX Font Warning: Font shape `OT1/phv/m/scsl' undefined
(Font)              using `OT1/phv/m/sc' instead on input line 2.

[13] (./main.aux)

LaTeX Font Warning: Some font shapes were not available, defaults substituted.


LaTeX Warning: There were undefined references.

Package rerunfilecheck Info: File `main.out' has not changed.
(rerunfilecheck)             Checksum: D41D8CD98F00B204E9800998ECF8427E;0.
 ) ) 
Here is how much of TeX's memory you used:
 56280 strings out of 478287
 1364754 string characters out of 5849289
 2268214 words of memory out of 5000000
 73378 multiletter control sequences out of 15000+600000
 497917 words of font info for 89 fonts, out of 8000000 for 9000
 1141 hyphenation exceptions out of 8191
 122i,19n,123p,10670b,1601s stack positions out of 5000i,500n,10000p,200000b,80000s
{/usr/share/texlive/texmf-dist/fonts/enc/dvips/base/8r.enc} </home/ryan/.te
xlive2021/texmf-var/fonts/pk/ljfour/public/cm-mf-extra-bold/cmttb10.600pk> </ho
me/ryan/.texlive2021/texmf-var/fonts/pk/ljfour/public/cm-mf-extra-bold/cmttb10.
1493pk></usr/share/texlive/texmf-dist/fonts/type1/public/amsfonts/cm/cmmi12.pfb
></usr/share/texlive/texmf-dist/fonts/type1/public/amsfonts/cm/cmssbx10.pfb></u
sr/share/texlive/texmf-dist/fonts/type1/public/amsfonts/cm/cmsy10.pfb></usr/sha
re/texlive/texmf-dist/fonts/type1/public/amsfonts/cm/cmtcsc10.pfb></usr/share/t
exlive/texmf-dist/fonts/type1/public/amsfonts/cm/cmtt10.pfb></usr/share/texlive
/texmf-dist/fonts/type1/public/amsfonts/cm/cmtt12.pfb></usr/share/texlive/texmf
-dist/fonts/type1/public/amsfonts/symbols/msam10.pfb></usr/share/texlive/texmf-
dist/fonts/type1/urw/helvetic/uhvb8a.pfb></usr/share/texlive/texmf-dist/fonts/t
ype1/urw/helvetic/uhvbo8a.pfb></usr/share/texlive/texmf-dist/fonts/type1/urw/he
lvetic/uhvr8a.pfb></usr/share/texlive/texmf-dist/fonts/type1/urw/helvetic/uhvro
8a.pfb>
Output written on main.pdf (16 pages, 146987 bytes).
PDF statistics:
 305 PDF objects out of 1000 (max. 8388607)
 231 compressed objects within 3 object streams
 86 named destinations out of 1000 (max. 500000)
 69 words of extra memory for PDF output out of 10000 (max. 10000000)

