\begin{center}
\begin{tikzpicture}
\draw[gray] (-4,-4) to  (-4,4);
\draw[gray] (-3,-4) to  (-3,4);
\draw[gray] (-2,-4) to  (-2,4);
\draw[gray] (-1,-4) to  (-1,4);
\draw[gray] (0,-4) to  (0,4);
\draw[gray] (1,-4) to  (1,4);
\draw[gray] (2,-4) to  (2,4);
\draw[gray] (3,-4) to  (3,4);
\draw[gray] (4,-4) to  (4,4);
\draw[gray] (-4,-4) to  (4,-4);
\draw[gray] (-4,-3) to  (4,-3);
\draw[gray] (-4,-2) to  (4,-2);
\draw[gray] (-4,-1) to  (4,-1);
\draw[gray] (-4,0) to  (4,0);
\draw[gray] (-4,1) to  (4,1);
\draw[gray] (-4,2) to  (4,2);
\draw[gray] (-4,3) to  (4,3);
\draw[gray] (-4,4) to  (4,4);
\draw(-4, -4) node [font=\ttfamily, label=below:{\normalsize {\texttt{-4}}}] {};
\draw(-3, -4) node [font=\ttfamily, label=below:{\normalsize {\texttt{-3}}}] {};
\draw(-2, -4) node [font=\ttfamily, label=below:{\normalsize {\texttt{-2}}}] {};
\draw(-1, -4) node [font=\ttfamily, label=below:{\normalsize {\texttt{-1}}}] {};
\draw(0, -4) node [font=\ttfamily, label=below:{\normalsize {\texttt{0}}}] {};
\draw(1, -4) node [font=\ttfamily, label=below:{\normalsize {\texttt{1}}}] {};
\draw(2, -4) node [font=\ttfamily, label=below:{\normalsize {\texttt{2}}}] {};
\draw(3, -4) node [font=\ttfamily, label=below:{\normalsize {\texttt{3}}}] {};
\draw(4, -4) node [font=\ttfamily, label=below:{\normalsize {\texttt{4}}}] {};
\draw(-4, -4) node [font=\ttfamily, label=left:{\normalsize {\texttt{-4}}}] {};
\draw(-4, -3) node [font=\ttfamily, label=left:{\normalsize {\texttt{-3}}}] {};
\draw(-4, -2) node [font=\ttfamily, label=left:{\normalsize {\texttt{-2}}}] {};
\draw(-4, -1) node [font=\ttfamily, label=left:{\normalsize {\texttt{-1}}}] {};
\draw(-4, 0) node [font=\ttfamily, label=left:{\normalsize {\texttt{0}}}] {};
\draw(-4, 1) node [font=\ttfamily, label=left:{\normalsize {\texttt{1}}}] {};
\draw(-4, 2) node [font=\ttfamily, label=left:{\normalsize {\texttt{2}}}] {};
\draw(-4, 3) node [font=\ttfamily, label=left:{\normalsize {\texttt{3}}}] {};
\draw(-4, 4) node [font=\ttfamily, label=left:{\normalsize {\texttt{4}}}] {};

\draw (3.0, 2.5)
  node[draw, line width=0.05cm, , color=black,
       rounded corners=0cm, inner sep=0cm] {

\begin{minipage}[t][0.95cm]{1.95cm}
\mbox{}

\end{minipage}

};\draw (3.0, 2.5) node[color=black] {1.1};
\draw (1.0, 2.5)
  node[draw, line width=0.05cm, , color=black,
       rounded corners=0cm, inner sep=0cm] {

\begin{minipage}[t][0.95cm]{1.95cm}
\mbox{}

\end{minipage}

};\draw (1.0, 2.5) node[color=black] {0.0};\draw[line width=0.1cm,black,->] (6,2.5) to node [above] {1.123} (4,2.5);
\draw[line width=0.1cm,black,->] (0,2.5) to  (-1,2.5);

\draw (3.0, 0.5)
  node[draw, line width=0.05cm, , color=black,
       rounded corners=0cm, inner sep=0cm] {

\begin{minipage}[t][0.95cm]{1.95cm}
\mbox{}

\end{minipage}

};\draw (3.0, 0.5) node[color=black] {1.123};
\draw (1.0, 0.5)
  node[draw, line width=0.05cm, , color=black,
       rounded corners=0cm, inner sep=0cm] {

\begin{minipage}[t][0.95cm]{1.95cm}
\mbox{}

\end{minipage}

};\draw (1.0, 0.5) node[color=black] {1.1};\draw[line width=0.1cm,black,->] (6,0.5) to node [above] {1.1345} (4,0.5);
\draw[line width=0.1cm,black,->] (0,0.5) to  (-1,0.5);

\draw (3.0, -1.5)
  node[draw, line width=0.05cm, , color=black,
       rounded corners=0cm, inner sep=0cm] {

\begin{minipage}[t][0.95cm]{1.95cm}
\mbox{}

\end{minipage}

};\draw (3.0, -1.5) node[color=black] {1.1345};
\draw (1.0, -1.5)
  node[draw, line width=0.05cm, , color=black,
       rounded corners=0cm, inner sep=0cm] {

\begin{minipage}[t][0.95cm]{1.95cm}
\mbox{}

\end{minipage}

};\draw (1.0, -1.5) node[color=black] {1.123};\draw[line width=0.1cm,black,->] (6,-1.5) to node [above] {1.1355} (4,-1.5);
\draw[line width=0.1cm,black,->] (0,-1.5) to  (-1,-1.5);
\draw[line width=0.1cm,black,->,dashed] (7.5,4) to  (7.5,-3);

\node[anchor=east] at (8.7,1)   {time};

\node[anchor=east] at (-1,0.5)   {0.0};

\node[anchor=east] at (-1,-1.5)   {1.1};
\end{tikzpicture}

\end{center}

