This is pdfTeX, Version 3.141592653-2.6-1.40.25 (TeX Live 2023) (preloaded format=pdflatex 2025.9.28)  6 OCT 2025 17:54
entering extended mode
 \write18 enabled.
 %&-line parsing enabled.
**main.tex
(./main.tex
LaTeX2e <2022-11-01> patch level 1
L3 programming layer <2023-02-22> (./thispreamble.tex

! LaTeX Error: File `mybookpreamble.tex' not found.

Type X to quit or <RETURN> to proceed,
or enter new name. (Default extension: tex)

Enter file name: c

! LaTeX Error: File `c.tex' not found.

Type X to quit or <RETURN> to proceed,
or enter new name. (Default extension: tex)

Enter file name: 
! Emergency stop.
<read *> 
         
l.1 \input{mybookpreamble.tex}
                              ^^M
End of file on the terminal!

 
Here is how much of TeX's memory you used:
 27 strings out of 477950
 546 string characters out of 5838504
 1849388 words of memory out of 6000000
 20325 multiletter control sequences out of 15000+600000
 512287 words of font info for 32 fonts, out of 8000000 for 9000
 34 hyphenation exceptions out of 8191
 22i,0n,29p,94b,18s stack positions out of 10000i,1000n,20000p,200000b,200000s
!  ==> Fatal error occurred, no output PDF file produced!
