\begin{center}
\begin{tikzpicture}

\draw (6.0, 1.0)
  node[draw, , , color=black,
       rounded corners=0cm, inner sep=0cm] {

\begin{minipage}[t][2cm]{12cm}
\mbox{}

\end{minipage}

};
\draw (1.0, 1.5)
  node[fill=blue!20!white,rounded corners=0cm,inner sep=0cm] {

\begin{minipage}[t][1cm]{2cm}
\mbox{}

\end{minipage}

};
\draw (1.0, 1.5)
  node[draw, , , color=black,
       rounded corners=0cm, inner sep=0cm] {

\begin{minipage}[t][1cm]{2cm}
\mbox{}

\end{minipage}

};
\draw (1.0, 0.5)
  node[fill=blue!20!white,rounded corners=0cm,inner sep=0cm] {

\begin{minipage}[t][1cm]{2cm}
\mbox{}

\end{minipage}

};
\draw (1.0, 0.5)
  node[draw, , , color=black,
       rounded corners=0cm, inner sep=0cm] {

\begin{minipage}[t][1cm]{2cm}
\mbox{}

\end{minipage}

};
\end{tikzpicture}

\end{center}

