
\begin{longtable}{|r|r|}
\hline 
$n$ & $\ \ \ fib(n)\ \ \ $ \\ \hline \hline 
21  &                      \\ \hline 
22  &                      \\ \hline 
23  &                      \\ \hline 
24  &                      \\ \hline 
25  &                      \\ \hline 
26  &                      \\ \hline 
27  &                      \\ \hline 
28  &                      \\ \hline 
29  &                      \\ \hline 
30  &                      \\ \hline 
31  &                      \\ \hline 
32  &                      \\ \hline 
33  &                      \\ \hline 
34  &                      \\ \hline 
35  &                      \\ \hline 
36  &                      \\ \hline 
37  &                      \\ \hline 
38  &                      \\ \hline 
39  &                      \\ \hline 
\end{longtable}
        
