
\begin{center}
\begin{tikzpicture}[line width=1]
\begin{axis}[width=5in, height=3in,
             scatter/classes={a={mark=*,draw=black}},
             xlabel={\mbox{}},
             xlabel style={name=xlabel}, 
             ylabel={\mbox{}}, 
             legend style={
                at={(xlabel.south)},
                yshift=-1ex,
                anchor=north,
                legend cell align=left,
                },
        ]
]
\addplot[draw=red, line width=1] coordinates {(0.0,40000)
(500.0,40000)
(1000.0,40000)
(1000.0,40000)};\node[pin=above right:{$y=40000$}] at (axis cs:800.0,40000) {};\addplot[draw=green, line width=1] coordinates {(0.0,0.0)
(142.8571,2040.8163)
(285.7143,8163.2653)
(428.5714,18367.3469)
(571.4286,32653.0612)
(714.2857,51020.4082)
(857.1429,73469.3878)
(1000.0,100000.0)};\node[pin=above left:{$y=n^2/10$}] at (axis cs:800.0,64000.0) {};\addplot[draw=blue, line width=1] coordinates {(0.0,0.0)
(25.641,12.479)
(51.2821,43.6055)
(76.9231,76.8419)
(102.5641,91.796)
(128.2051,72.4081)
(153.8462,14.1165)
(179.4872,-72.597)
(205.1282,-163.7805)
(230.7692,-228.5807)
(256.4103,-239.0161)
(282.0513,-179.9832)
(307.6923,-56.2276)
(333.3333,106.2821)
(358.9744,265.5749)
(384.6154,374.512)
(410.2564,394.441)
(435.8974,307.7772)
(461.5385,125.6218)
(487.1795,-112.3112)
(512.8205,-346.1333)
(538.4615,-510.8548)
(564.1026,-554.3015)
(589.7436,-452.9671)
(615.3846,-221.1232)
(641.0256,89.9202)
(666.6667,402.9395)
(692.3077,633.9634)
(717.9487,714.7252)
(743.5897,612.4146)
(769.2308,341.1062)
(794.8718,-38.8168)
(820.5128,-433.8536)
(846.1538,-740.3791)
(871.7949,-871.7912)
(897.4359,-782.7082)
(923.0769,-483.5166)
(948.7179,-40.8133)
(974.359,437.144)
(1000.0,826.8795)
(1000.0,826.8795)};\node[pin=above right:{$y=n   \sin(n)$}] at (axis cs:800.0,715.1757185576171) {};
\end{axis}\end{tikzpicture}\end{center}
