/usr/lib64/python3.12/site-packages/latextool_basic.py:86: SyntaxWarning: invalid escape sequence '\s'
  p = re.compile("at\s*\([0-9]*(.[0-9]*)?\s*\,\s*[0-9]*(.[0-9]*)?\s*\)")
/usr/lib64/python3.12/site-packages/latextool_basic.py:890: SyntaxWarning: invalid escape sequence '\d'
  """Form  a string s to be used in latex
/usr/lib64/python3.12/site-packages/latextool_basic.py:3003: SyntaxWarning: invalid escape sequence '\d'
  s += '\draw (%s,%s) -- (%s,%s) -- (%s,%s);\n' % \
/usr/lib64/python3.12/site-packages/latextool_basic.py:3007: SyntaxWarning: invalid escape sequence '\d'
  s += '\draw (%s,%s) -- (%s,%s);\n' % \
/usr/lib64/python3.12/site-packages/latextool_basic.py:3011: SyntaxWarning: invalid escape sequence '\d'
  s += '\draw (%s,%s) -- (%s,%s);\n' % \
/usr/lib64/python3.12/site-packages/latextool_basic.py:3015: SyntaxWarning: invalid escape sequence '\d'
  s += '\draw (%s,%s) -- (%s,%s) -- (%s,%s);\n' % \
/usr/lib64/python3.12/site-packages/latextool_basic.py:3017: SyntaxWarning: invalid escape sequence '\d'
  s += '\draw (%s,%s) -- (%s,%s);\n' % \
/usr/lib64/python3.12/site-packages/latextool_basic.py:3020: SyntaxWarning: invalid escape sequence '\d'
  s += '\draw (%s,%s) -- (%s,%s);\n' % \
/usr/lib64/python3.12/site-packages/latextool_basic.py:4153: SyntaxWarning: invalid escape sequence '\d'
  "(-1)^{1+%s} (%s) \det %s" \
/usr/lib64/python3.12/site-packages/latextool_basic.py:4157: SyntaxWarning: invalid escape sequence '\d'
  "(%s) (%s) \det %s" \
/usr/lib64/python3.12/site-packages/latextool_basic.py:4161: SyntaxWarning: invalid escape sequence '\d'
  "(%s) \det %s" \
/usr/lib64/python3.12/site-packages/latextool_basic.py:4177: SyntaxWarning: invalid escape sequence '\d'
  "&= " + computation1 + "\displaybreak[0] \\\\ \n" +\
/usr/lib64/python3.12/site-packages/latextool_basic.py:4178: SyntaxWarning: invalid escape sequence '\d'
  "&= " + computation2 + "\displaybreak[0] \\\\ \n"
/usr/lib64/python3.12/site-packages/latextool_basic.py:4181: SyntaxWarning: invalid escape sequence '\d'
  string += "&= " + computation3 + "\displaybreak[0] \\\\ \n"
/usr/lib64/python3.12/site-packages/latextool_basic.py:4187: SyntaxWarning: invalid escape sequence '\d'
  string += "&= " + computation4 + "\displaybreak[0] \\\\ \n"
/usr/lib64/python3.12/site-packages/latextool_basic.py:4189: SyntaxWarning: invalid escape sequence '\d'
  string += "&= " + computation5 + "\displaybreak[0] \\\\ \n"
/usr/lib64/python3.12/site-packages/latextool_basic.py:4211: SyntaxWarning: invalid escape sequence '\d'
  Matrix.latex += "&= " + yyy + "\displaybreak[0] \\\\ \n"
/usr/lib64/python3.12/site-packages/latextool_basic.py:4423: SyntaxWarning: invalid escape sequence '\l'
  d['pin_message'] = d['pin_message'].replace("log(", "\log(")
/usr/lib64/python3.12/site-packages/latextool_basic.py:4424: SyntaxWarning: invalid escape sequence '\s'
  d['pin_message'] = d['pin_message'].replace("sin(", "\sin(")
/usr/lib64/python3.12/site-packages/latextool_basic.py:4576: SyntaxWarning: invalid escape sequence '\Z'
  p = re.compile('(^| )%s(\Z| )' % node)
/usr/lib64/python3.12/site-packages/latextool_basic.py:7874: SyntaxWarning: invalid escape sequence '\s'
  c0 = merge(p, nrows - 1, ncols - 2, label='{\small %s}' % free_offset)
/usr/lib64/python3.12/site-packages/latextool_basic.py:7877: SyntaxWarning: invalid escape sequence '\s'
  c1 = merge(p, nrows - 1, ncols - 4, label='{\small %s}' % len(slots))
/usr/lib64/python3.12/site-packages/latextool_basic.py:7884: SyntaxWarning: invalid escape sequence '\s'
  c2 = merge(p, r, c, label='{\small %s}' % length); k -= 2
/usr/lib64/python3.12/site-packages/latextool_basic.py:7886: SyntaxWarning: invalid escape sequence '\s'
  c3 = merge(p, r, c, label='{\small %s}' % offset); k -= 2
/usr/lib64/python3.12/site-packages/latextool_basic.py:8338: SyntaxWarning: invalid escape sequence '\s'
  x,y = c[0].bottom(); X = POINT(x=x, y=y, r=0, label='{\scriptsize 1 bit}', anchor='north'); p += str(X)        
/usr/lib64/python3.12/site-packages/latextool_basic.py:8339: SyntaxWarning: invalid escape sequence '\s'
  x,y = c[1].bottom(); X = POINT(x=x, y=y, r=0, label='{\scriptsize 8 bits}', anchor='north'); p += str(X)        
/usr/lib64/python3.12/site-packages/latextool_basic.py:8340: SyntaxWarning: invalid escape sequence '\s'
  x,y = c[2].bottom(); X = POINT(x=x, y=y, r=0, label='{\scriptsize 23 bits}', anchor='north'); p += str(X)        
/usr/lib64/python3.12/site-packages/latextool_basic.py:8743: SyntaxWarning: invalid escape sequence '\e'
  '''
/usr/lib64/python3.12/site-packages/latextool_basic.py:8760: SyntaxWarning: invalid escape sequence '\A'
  """ get assessment (example: "q0101") from s (a latex string \newcommand\ASSESSMENT{*} or from cwd """
/usr/lib64/python3.12/site-packages/latextool_basic.py:8833: SyntaxWarning: invalid escape sequence '\}'
  """
  File "<stdin>", line 2, in <module>
  File "/usr/lib64/python3.12/site-packages/latextool_basic.py", line 3517, in consolegrid
    f()
  File "/usr/lib64/python3.12/site-packages/latextool_basic.py", line 3516, in f
    traceback.print_stack()
