\begin{center}
\begin{tikzpicture}

\fill[blue!10] (0.0, 0.0) circle (0.2);
\node [line width=0.03cm,black,minimum size=0.37cm,draw,circle] at (0.0,0.0)(a){};
\fill[blue!10] (-1.0, -1.0) circle (0.2);
\node [line width=0.03cm,black,minimum size=0.37cm,draw,circle] at (-1.0,-1.0)(b){};
\fill[blue!10] (-2.0, -2.0) circle (0.2);
\node [line width=0.03cm,black,minimum size=0.37cm,draw,circle] at (-2.0,-2.0)(c){};\draw[line width=0.03cm,black] (a) to  (b);
\draw[line width=0.03cm,black] (b) to  (c);

\fill[blue!10] (3.0, 0.0) circle (0.2);
\node [line width=0.03cm,black,minimum size=0.37cm,draw,circle] at (3.0,0.0)(a1){};
\fill[blue!10] (2.0, -1.0) circle (0.2);
\node [line width=0.03cm,black,minimum size=0.37cm,draw,circle] at (2.0,-1.0)(b1){};
\fill[blue!10] (3.0, -2.0) circle (0.2);
\node [line width=0.03cm,black,minimum size=0.37cm,draw,circle] at (3.0,-2.0)(c1){};\draw[line width=0.03cm,black] (a1) to  (b1);
\draw[line width=0.03cm,black] (b1) to  (c1);

\fill[blue!10] (6.0, 0.0) circle (0.2);
\node [line width=0.03cm,black,minimum size=0.37cm,draw,circle] at (6.0,0.0)(a2){};
\fill[blue!10] (7.0, -1.0) circle (0.2);
\node [line width=0.03cm,black,minimum size=0.37cm,draw,circle] at (7.0,-1.0)(b2){};
\fill[blue!10] (6.0, -2.0) circle (0.2);
\node [line width=0.03cm,black,minimum size=0.37cm,draw,circle] at (6.0,-2.0)(c2){};\draw[line width=0.03cm,black] (a2) to  (b2);
\draw[line width=0.03cm,black] (b2) to  (c2);

\fill[blue!10] (9.0, 0.0) circle (0.2);
\node [line width=0.03cm,black,minimum size=0.37cm,draw,circle] at (9.0,0.0)(a3){};
\fill[blue!10] (10.0, -1.0) circle (0.2);
\node [line width=0.03cm,black,minimum size=0.37cm,draw,circle] at (10.0,-1.0)(b3){};
\fill[blue!10] (11.0, -2.0) circle (0.2);
\node [line width=0.03cm,black,minimum size=0.37cm,draw,circle] at (11.0,-2.0)(c3){};\draw[line width=0.03cm,black] (a3) to  (b3);
\draw[line width=0.03cm,black] (b3) to  (c3);

\fill[blue!10] (0.0, -4.0) circle (0.2);
\node [line width=0.03cm,black,minimum size=0.37cm,draw,circle] at (0.0,-4.0)(a4){};
\fill[blue!10] (-1.0, -5.0) circle (0.2);
\node [line width=0.03cm,black,minimum size=0.37cm,draw,circle] at (-1.0,-5.0)(b4){};
\fill[blue!10] (1.0, -5.0) circle (0.2);
\node [line width=0.03cm,black,minimum size=0.37cm,draw,circle] at (1.0,-5.0)(c4){};\draw[line width=0.03cm,black] (a4) to  (b4);
\draw[line width=0.03cm,black] (a4) to  (c4);
\end{tikzpicture}

\end{center}

